<?xml version="1.0" encoding="UTF-8"?>
<testsuite xmlns:xsi="http://www.w3.org/2001/XMLSchema-instance" xsi:noNamespaceSchemaLocation="https://maven.apache.org/surefire/maven-surefire-plugin/xsd/surefire-test-report-3.0.xsd" version="3.0" name="com.example.contact.SecurityTest" time="0.119" tests="10" errors="0" skipped="0" failures="0">
  <properties>
[...]
</properties>
  <testcase name="testServiceRejectsInvalidNameCharacters" classname="com.example.contact.SecurityTest" time="0.001">
    <system-out><![CDATA[2026-01-24 17:56:31.672 [main] INFO  c.e.c.service.ContactServiceImpl - ContactServiceImpl initialized
2026-01-24 17:56:31.672 [main] DEBUG c.e.c.service.ContactServiceImpl - Attempting to add contact
2026-01-24 17:56:31.673 [main] DEBUG c.e.c.validation.ContactValidator - Contact validation passed for ID: 12345
2026-01-24 17:56:31.673 [main] INFO  AUDIT - Contact created: ID=12345, Name=John Doe
2026-01-24 17:56:31.673 [main] DEBUG c.e.c.r.InMemoryContactRepository - New contact saved with ID: 12345
2026-01-24 17:56:31.673 [main] INFO  c.e.c.service.ContactServiceImpl - Contact added successfully: ID=12345
2026-01-24 17:56:31.673 [main] DEBUG c.e.c.service.ContactServiceImpl - Attempting to update contact: 12345
2026-01-24 17:56:31.673 [main] DEBUG c.e.c.r.InMemoryContactRepository - Find by ID 12345: found
2026-01-24 17:56:31.673 [main] WARN  AUDIT - Security: Invalid characters in firstName - value contained non-alphabetic characters
]]></system-out>
  </testcase>
  <testcase name="testServiceRejectsXSSInAddress" classname="com.example.contact.SecurityTest" time="0.001">
    <system-out><![CDATA[2026-01-24 17:56:31.674 [main] INFO  c.e.c.service.ContactServiceImpl - ContactServiceImpl initialized
2026-01-24 17:56:31.674 [main] DEBUG c.e.c.service.ContactServiceImpl - Attempting to add contact
2026-01-24 17:56:31.674 [main] DEBUG c.e.c.validation.ContactValidator - Contact validation passed for ID: 12345
2026-01-24 17:56:31.674 [main] INFO  AUDIT - Contact created: ID=12345, Name=John Doe
2026-01-24 17:56:31.674 [main] DEBUG c.e.c.r.InMemoryContactRepository - New contact saved with ID: 12345
2026-01-24 17:56:31.674 [main] INFO  c.e.c.service.ContactServiceImpl - Contact added successfully: ID=12345
2026-01-24 17:56:31.675 [main] DEBUG c.e.c.service.ContactServiceImpl - Attempting to update contact: 12345
2026-01-24 17:56:31.675 [main] DEBUG c.e.c.r.InMemoryContactRepository - Find by ID 12345: found
2026-01-24 17:56:31.675 [main] WARN  AUDIT - Security: XSS pattern detected in address - input rejected
]]></system-out>
  </testcase>
  <testcase name="testDeleteWithBlankId" classname="com.example.contact.SecurityTest" time="0.001">
    <system-out><![CDATA[2026-01-24 17:56:31.675 [main] INFO  c.e.c.service.ContactServiceImpl - ContactServiceImpl initialized
2026-01-24 17:56:31.676 [main] DEBUG c.e.c.service.ContactServiceImpl - Attempting to delete contact: 
2026-01-24 17:56:31.676 [main] WARN  AUDIT - Security: Attempted to delete contact with null/blank ID
]]></system-out>
  </testcase>
  <testcase name="testServiceRejectsXSSInName" classname="com.example.contact.SecurityTest" time="0.001">
    <system-out><![CDATA[2026-01-24 17:56:31.676 [main] INFO  c.e.c.service.ContactServiceImpl - ContactServiceImpl initialized
2026-01-24 17:56:31.676 [main] DEBUG c.e.c.service.ContactServiceImpl - Attempting to add contact
2026-01-24 17:56:31.676 [main] DEBUG c.e.c.validation.ContactValidator - Contact validation passed for ID: 12345
2026-01-24 17:56:31.676 [main] INFO  AUDIT - Contact created: ID=12345, Name=John Doe
2026-01-24 17:56:31.676 [main] DEBUG c.e.c.r.InMemoryContactRepository - New contact saved with ID: 12345
2026-01-24 17:56:31.676 [main] INFO  c.e.c.service.ContactServiceImpl - Contact added successfully: ID=12345
2026-01-24 17:56:31.677 [main] DEBUG c.e.c.service.ContactServiceImpl - Attempting to update contact: 12345
2026-01-24 17:56:31.677 [main] DEBUG c.e.c.r.InMemoryContactRepository - Find by ID 12345: found
2026-01-24 17:56:31.677 [main] WARN  AUDIT - Security: XSS pattern detected in firstName - input rejected
]]></system-out>
  </testcase>
  <testcase name="testOperationsGenerateLogs" classname="com.example.contact.SecurityTest" time="0.001">
    <system-out><![CDATA[2026-01-24 17:56:31.678 [main] INFO  c.e.c.service.ContactServiceImpl - ContactServiceImpl initialized
2026-01-24 17:56:31.678 [main] DEBUG c.e.c.service.ContactServiceImpl - Attempting to add contact
2026-01-24 17:56:31.678 [main] DEBUG c.e.c.validation.ContactValidator - Contact validation passed for ID: 12345
2026-01-24 17:56:31.678 [main] INFO  AUDIT - Contact created: ID=12345, Name=John Doe
2026-01-24 17:56:31.678 [main] DEBUG c.e.c.r.InMemoryContactRepository - New contact saved with ID: 12345
2026-01-24 17:56:31.678 [main] INFO  c.e.c.service.ContactServiceImpl - Contact added successfully: ID=12345
2026-01-24 17:56:31.678 [main] DEBUG c.e.c.service.ContactServiceImpl - Retrieving contact: 12345
2026-01-24 17:56:31.678 [main] DEBUG c.e.c.r.InMemoryContactRepository - Find by ID 12345: found
2026-01-24 17:56:31.678 [main] DEBUG c.e.c.service.ContactServiceImpl - Attempting to update contact: 12345
2026-01-24 17:56:31.678 [main] DEBUG c.e.c.r.InMemoryContactRepository - Find by ID 12345: found
2026-01-24 17:56:31.678 [main] INFO  AUDIT - Contact updated: ID=12345, Name=Jane Doe
2026-01-24 17:56:31.678 [main] DEBUG c.e.c.r.InMemoryContactRepository - Contact updated with ID: 12345
2026-01-24 17:56:31.678 [main] INFO  c.e.c.service.ContactServiceImpl - Contact updated: ID=12345
2026-01-24 17:56:31.678 [main] DEBUG c.e.c.service.ContactServiceImpl - Retrieving contact: 12345
2026-01-24 17:56:31.678 [main] DEBUG c.e.c.r.InMemoryContactRepository - Find by ID 12345: found
2026-01-24 17:56:31.678 [main] DEBUG c.e.c.service.ContactServiceImpl - Attempting to delete contact: 12345
2026-01-24 17:56:31.678 [main] INFO  AUDIT - Contact deleted: ID=12345, Name=Jane Doe
2026-01-24 17:56:31.678 [main] DEBUG c.e.c.r.InMemoryContactRepository - Contact deleted with ID: 12345
2026-01-24 17:56:31.678 [main] INFO  c.e.c.service.ContactServiceImpl - Contact deleted: ID=12345
2026-01-24 17:56:31.678 [main] DEBUG c.e.c.service.ContactServiceImpl - Retrieving contact: 12345
2026-01-24 17:56:31.678 [main] DEBUG c.e.c.r.InMemoryContactRepository - Find by ID 12345: not found
]]></system-out>
  </testcase>
  <testcase name="testConcurrentReadWrite" classname="com.example.contact.SecurityTest" time="0.039">
    <system-out><![CDATA[2026-01-24 17:56:31.679 [main] INFO  c.e.c.service.ContactServiceImpl - ContactServiceImpl initialized
2026-01-24 17:56:31.680 [main] DEBUG c.e.c.service.ContactServiceImpl - Attempting to add contact
2026-01-24 17:56:31.680 [main] DEBUG c.e.c.validation.ContactValidator - Contact validation passed for ID: 00000
2026-01-24 17:56:31.680 [main] INFO  AUDIT - Contact created: ID=00000, Name=First Last
2026-01-24 17:56:31.680 [main] DEBUG c.e.c.r.InMemoryContactRepository - New contact saved with ID: 00000
2026-01-24 17:56:31.680 [main] INFO  c.e.c.service.ContactServiceImpl - Contact added successfully: ID=00000
2026-01-24 17:56:31.680 [main] DEBUG c.e.c.service.ContactServiceImpl - Attempting to add contact
2026-01-24 17:56:31.680 [main] DEBUG c.e.c.validation.ContactValidator - Contact validation passed for ID: 00001
2026-01-24 17:56:31.680 [main] INFO  AUDIT - Contact created: ID=00001, Name=First Last
2026-01-24 17:56:31.680 [main] DEBUG c.e.c.r.InMemoryContactRepository - New contact saved with ID: 00001
2026-01-24 17:56:31.680 [main] INFO  c.e.c.service.ContactServiceImpl - Contact added successfully: ID=00001
2026-01-24 17:56:31.680 [main] DEBUG c.e.c.service.ContactServiceImpl - Attempting to add contact
2026-01-24 17:56:31.680 [main] DEBUG c.e.c.validation.ContactValidator - Contact validation passed for ID: 00002
2026-01-24 17:56:31.680 [main] INFO  AUDIT - Contact created: ID=00002, Name=First Last
2026-01-24 17:56:31.680 [main] DEBUG c.e.c.r.InMemoryContactRepository - New contact saved with ID: 00002
2026-01-24 17:56:31.680 [main] INFO  c.e.c.service.ContactServiceImpl - Contact added successfully: ID=00002
2026-01-24 17:56:31.680 [main] DEBUG c.e.c.service.ContactServiceImpl - Attempting to add contact
2026-01-24 17:56:31.680 [main] DEBUG c.e.c.validation.ContactValidator - Contact validation passed for ID: 00003
2026-01-24 17:56:31.680 [main] INFO  AUDIT - Contact created: ID=00003, Name=First Last
2026-01-24 17:56:31.680 [main] DEBUG c.e.c.r.InMemoryContactRepository - New contact saved with ID: 00003
2026-01-24 17:56:31.680 [main] INFO  c.e.c.service.ContactServiceImpl - Contact added successfully: ID=00003
2026-01-24 17:56:31.680 [main] DEBUG c.e.c.service.ContactServiceImpl - Attempting to add contact
2026-01-24 17:56:31.680 [main] DEBUG c.e.c.validation.ContactValidator - Contact validation passed for ID: 00004
2026-01-24 17:56:31.680 [main] INFO  AUDIT - Contact created: ID=00004, Name=First Last
2026-01-24 17:56:31.680 [main] DEBUG c.e.c.r.InMemoryContactRepository - New contact saved with ID: 00004
2026-01-24 17:56:31.680 [main] INFO  c.e.c.service.ContactServiceImpl - Contact added successfully: ID=00004
2026-01-24 17:56:31.680 [main] DEBUG c.e.c.service.ContactServiceImpl - Attempting to add contact
2026-01-24 17:56:31.680 [main] DEBUG c.e.c.validation.ContactValidator - Contact validation passed for ID: 00005
2026-01-24 17:56:31.680 [main] INFO  AUDIT - Contact created: ID=00005, Name=First Last
2026-01-24 17:56:31.680 [main] DEBUG c.e.c.r.InMemoryContactRepository - New contact saved with ID: 00005
2026-01-24 17:56:31.680 [main] INFO  c.e.c.service.ContactServiceImpl - Contact added successfully: ID=00005
2026-01-24 17:56:31.680 [main] DEBUG c.e.c.service.ContactServiceImpl - Attempting to add contact
2026-01-24 17:56:31.680 [main] DEBUG c.e.c.validation.ContactValidator - Contact validation passed for ID: 00006
2026-01-24 17:56:31.680 [main] INFO  AUDIT - Contact created: ID=00006, Name=First Last
2026-01-24 17:56:31.680 [main] DEBUG c.e.c.r.InMemoryContactRepository - New contact saved with ID: 00006
2026-01-24 17:56:31.680 [main] INFO  c.e.c.service.ContactServiceImpl - Contact added successfully: ID=00006
2026-01-24 17:56:31.680 [main] DEBUG c.e.c.service.ContactServiceImpl - Attempting to add contact
2026-01-24 17:56:31.681 [main] DEBUG c.e.c.validation.ContactValidator - Contact validation passed for ID: 00007
2026-01-24 17:56:31.681 [main] INFO  AUDIT - Contact created: ID=00007, Name=First Last
2026-01-24 17:56:31.681 [main] DEBUG c.e.c.r.InMemoryContactRepository - New contact saved with ID: 00007
2026-01-24 17:56:31.681 [main] INFO  c.e.c.service.ContactServiceImpl - Contact added successfully: ID=00007
2026-01-24 17:56:31.681 [main] DEBUG c.e.c.service.ContactServiceImpl - Attempting to add contact
2026-01-24 17:56:31.681 [main] DEBUG c.e.c.validation.ContactValidator - Contact validation passed for ID: 00008
2026-01-24 17:56:31.681 [main] INFO  AUDIT - Contact created: ID=00008, Name=First Last
2026-01-24 17:56:31.681 [main] DEBUG c.e.c.r.InMemoryContactRepository - New contact saved with ID: 00008
2026-01-24 17:56:31.681 [main] INFO  c.e.c.service.ContactServiceImpl - Contact added successfully: ID=00008
2026-01-24 17:56:31.681 [main] DEBUG c.e.c.service.ContactServiceImpl - Attempting to add contact
2026-01-24 17:56:31.681 [main] DEBUG c.e.c.validation.ContactValidator - Contact validation passed for ID: 00009
2026-01-24 17:56:31.681 [main] INFO  AUDIT - Contact created: ID=00009, Name=First Last
2026-01-24 17:56:31.681 [main] DEBUG c.e.c.r.InMemoryContactRepository - New contact saved with ID: 00009
2026-01-24 17:56:31.681 [main] INFO  c.e.c.service.ContactServiceImpl - Contact added successfully: ID=00009
2026-01-24 17:56:31.681 [main] DEBUG c.e.c.service.ContactServiceImpl - Attempting to add contact
2026-01-24 17:56:31.681 [main] DEBUG c.e.c.validation.ContactValidator - Contact validation passed for ID: 00010
2026-01-24 17:56:31.681 [main] INFO  AUDIT - Contact created: ID=00010, Name=First Last
2026-01-24 17:56:31.681 [main] DEBUG c.e.c.r.InMemoryContactRepository - New contact saved with ID: 00010
2026-01-24 17:56:31.681 [main] INFO  c.e.c.service.ContactServiceImpl - Contact added successfully: ID=00010
2026-01-24 17:56:31.681 [main] DEBUG c.e.c.service.ContactServiceImpl - Attempting to add contact
2026-01-24 17:56:31.681 [main] DEBUG c.e.c.validation.ContactValidator - Contact validation passed for ID: 00011
2026-01-24 17:56:31.681 [main] INFO  AUDIT - Contact created: ID=00011, Name=First Last
2026-01-24 17:56:31.681 [main] DEBUG c.e.c.r.InMemoryContactRepository - New contact saved with ID: 00011
2026-01-24 17:56:31.681 [main] INFO  c.e.c.service.ContactServiceImpl - Contact added successfully: ID=00011
2026-01-24 17:56:31.681 [main] DEBUG c.e.c.service.ContactServiceImpl - Attempting to add contact
2026-01-24 17:56:31.681 [main] DEBUG c.e.c.validation.ContactValidator - Contact validation passed for ID: 00012
2026-01-24 17:56:31.681 [main] INFO  AUDIT - Contact created: ID=00012, Name=First Last
2026-01-24 17:56:31.681 [main] DEBUG c.e.c.r.InMemoryContactRepository - New contact saved with ID: 00012
2026-01-24 17:56:31.681 [main] INFO  c.e.c.service.ContactServiceImpl - Contact added successfully: ID=00012
2026-01-24 17:56:31.681 [main] DEBUG c.e.c.service.ContactServiceImpl - Attempting to add contact
2026-01-24 17:56:31.681 [main] DEBUG c.e.c.validation.ContactValidator - Contact validation passed for ID: 00013
2026-01-24 17:56:31.681 [main] INFO  AUDIT - Contact created: ID=00013, Name=First Last
2026-01-24 17:56:31.681 [main] DEBUG c.e.c.r.InMemoryContactRepository - New contact saved with ID: 00013
2026-01-24 17:56:31.681 [main] INFO  c.e.c.service.ContactServiceImpl - Contact added successfully: ID=00013
2026-01-24 17:56:31.681 [main] DEBUG c.e.c.service.ContactServiceImpl - Attempting to add contact
2026-01-24 17:56:31.681 [main] DEBUG c.e.c.validation.ContactValidator - Contact validation passed for ID: 00014
2026-01-24 17:56:31.681 [main] INFO  AUDIT - Contact created: ID=00014, Name=First Last
2026-01-24 17:56:31.681 [main] DEBUG c.e.c.r.InMemoryContactRepository - New contact saved with ID: 00014
2026-01-24 17:56:31.681 [main] INFO  c.e.c.service.ContactServiceImpl - Contact added successfully: ID=00014
2026-01-24 17:56:31.682 [main] DEBUG c.e.c.service.ContactServiceImpl - Attempting to add contact
2026-01-24 17:56:31.682 [main] DEBUG c.e.c.validation.ContactValidator - Contact validation passed for ID: 00015
2026-01-24 17:56:31.682 [main] INFO  AUDIT - Contact created: ID=00015, Name=First Last
2026-01-24 17:56:31.682 [main] DEBUG c.e.c.r.InMemoryContactRepository - New contact saved with ID: 00015
2026-01-24 17:56:31.682 [main] INFO  c.e.c.service.ContactServiceImpl - Contact added successfully: ID=00015
2026-01-24 17:56:31.682 [main] DEBUG c.e.c.service.ContactServiceImpl - Attempting to add contact
2026-01-24 17:56:31.682 [main] DEBUG c.e.c.validation.ContactValidator - Contact validation passed for ID: 00016
2026-01-24 17:56:31.682 [main] INFO  AUDIT - Contact created: ID=00016, Name=First Last
2026-01-24 17:56:31.682 [main] DEBUG c.e.c.r.InMemoryContactRepository - New contact saved with ID: 00016
2026-01-24 17:56:31.682 [main] INFO  c.e.c.service.ContactServiceImpl - Contact added successfully: ID=00016
2026-01-24 17:56:31.682 [main] DEBUG c.e.c.service.ContactServiceImpl - Attempting to add contact
2026-01-24 17:56:31.682 [main] DEBUG c.e.c.validation.ContactValidator - Contact validation passed for ID: 00017
2026-01-24 17:56:31.682 [main] INFO  AUDIT - Contact created: ID=00017, Name=First Last
2026-01-24 17:56:31.682 [main] DEBUG c.e.c.r.InMemoryContactRepository - New contact saved with ID: 00017
2026-01-24 17:56:31.682 [main] INFO  c.e.c.service.ContactServiceImpl - Contact added successfully: ID=00017
2026-01-24 17:56:31.682 [main] DEBUG c.e.c.service.ContactServiceImpl - Attempting to add contact
2026-01-24 17:56:31.682 [main] DEBUG c.e.c.validation.ContactValidator - Contact validation passed for ID: 00018
2026-01-24 17:56:31.682 [main] INFO  AUDIT - Contact created: ID=00018, Name=First Last
2026-01-24 17:56:31.682 [main] DEBUG c.e.c.r.InMemoryContactRepository - New contact saved with ID: 00018
2026-01-24 17:56:31.682 [main] INFO  c.e.c.service.ContactServiceImpl - Contact added successfully: ID=00018
2026-01-24 17:56:31.682 [main] DEBUG c.e.c.service.ContactServiceImpl - Attempting to add contact
2026-01-24 17:56:31.682 [main] DEBUG c.e.c.validation.ContactValidator - Contact validation passed for ID: 00019
2026-01-24 17:56:31.682 [main] INFO  AUDIT - Contact created: ID=00019, Name=First Last
2026-01-24 17:56:31.682 [main] DEBUG c.e.c.r.InMemoryContactRepository - New contact saved with ID: 00019
2026-01-24 17:56:31.682 [main] INFO  c.e.c.service.ContactServiceImpl - Contact added successfully: ID=00019
2026-01-24 17:56:31.682 [main] DEBUG c.e.c.service.ContactServiceImpl - Attempting to add contact
2026-01-24 17:56:31.682 [main] DEBUG c.e.c.validation.ContactValidator - Contact validation passed for ID: 00020
2026-01-24 17:56:31.682 [main] INFO  AUDIT - Contact created: ID=00020, Name=First Last
2026-01-24 17:56:31.682 [main] DEBUG c.e.c.r.InMemoryContactRepository - New contact saved with ID: 00020
2026-01-24 17:56:31.682 [main] INFO  c.e.c.service.ContactServiceImpl - Contact added successfully: ID=00020
2026-01-24 17:56:31.682 [main] DEBUG c.e.c.service.ContactServiceImpl - Attempting to add contact
2026-01-24 17:56:31.682 [main] DEBUG c.e.c.validation.ContactValidator - Contact validation passed for ID: 00021
2026-01-24 17:56:31.682 [main] INFO  AUDIT - Contact created: ID=00021, Name=First Last
2026-01-24 17:56:31.682 [main] DEBUG c.e.c.r.InMemoryContactRepository - New contact saved with ID: 00021
2026-01-24 17:56:31.682 [main] INFO  c.e.c.service.ContactServiceImpl - Contact added successfully: ID=00021
2026-01-24 17:56:31.683 [main] DEBUG c.e.c.service.ContactServiceImpl - Attempting to add contact
2026-01-24 17:56:31.683 [main] DEBUG c.e.c.validation.ContactValidator - Contact validation passed for ID: 00022
2026-01-24 17:56:31.683 [main] INFO  AUDIT - Contact created: ID=00022, Name=First Last
2026-01-24 17:56:31.683 [main] DEBUG c.e.c.r.InMemoryContactRepository - New contact saved with ID: 00022
2026-01-24 17:56:31.683 [main] INFO  c.e.c.service.ContactServiceImpl - Contact added successfully: ID=00022
2026-01-24 17:56:31.683 [main] DEBUG c.e.c.service.ContactServiceImpl - Attempting to add contact
2026-01-24 17:56:31.683 [main] DEBUG c.e.c.validation.ContactValidator - Contact validation passed for ID: 00023
2026-01-24 17:56:31.683 [main] INFO  AUDIT - Contact created: ID=00023, Name=First Last
2026-01-24 17:56:31.683 [main] DEBUG c.e.c.r.InMemoryContactRepository - New contact saved with ID: 00023
2026-01-24 17:56:31.683 [main] INFO  c.e.c.service.ContactServiceImpl - Contact added successfully: ID=00023
2026-01-24 17:56:31.683 [main] DEBUG c.e.c.service.ContactServiceImpl - Attempting to add contact
2026-01-24 17:56:31.683 [main] DEBUG c.e.c.validation.ContactValidator - Contact validation passed for ID: 00024
2026-01-24 17:56:31.683 [main] INFO  AUDIT - Contact created: ID=00024, Name=First Last
2026-01-24 17:56:31.683 [main] DEBUG c.e.c.r.InMemoryContactRepository - New contact saved with ID: 00024
2026-01-24 17:56:31.683 [main] INFO  c.e.c.service.ContactServiceImpl - Contact added successfully: ID=00024
2026-01-24 17:56:31.683 [main] DEBUG c.e.c.service.ContactServiceImpl - Attempting to add contact
2026-01-24 17:56:31.683 [main] DEBUG c.e.c.validation.ContactValidator - Contact validation passed for ID: 00025
2026-01-24 17:56:31.683 [main] INFO  AUDIT - Contact created: ID=00025, Name=First Last
2026-01-24 17:56:31.683 [main] DEBUG c.e.c.r.InMemoryContactRepository - New contact saved with ID: 00025
2026-01-24 17:56:31.683 [main] INFO  c.e.c.service.ContactServiceImpl - Contact added successfully: ID=00025
2026-01-24 17:56:31.683 [main] DEBUG c.e.c.service.ContactServiceImpl - Attempting to add contact
2026-01-24 17:56:31.683 [main] DEBUG c.e.c.validation.ContactValidator - Contact validation passed for ID: 00026
2026-01-24 17:56:31.683 [main] INFO  AUDIT - Contact created: ID=00026, Name=First Last
2026-01-24 17:56:31.683 [main] DEBUG c.e.c.r.InMemoryContactRepository - New contact saved with ID: 00026
2026-01-24 17:56:31.683 [main] INFO  c.e.c.service.ContactServiceImpl - Contact added successfully: ID=00026
2026-01-24 17:56:31.683 [main] DEBUG c.e.c.service.ContactServiceImpl - Attempting to add contact
2026-01-24 17:56:31.683 [main] DEBUG c.e.c.validation.ContactValidator - Contact validation passed for ID: 00027
2026-01-24 17:56:31.683 [main] INFO  AUDIT - Contact created: ID=00027, Name=First Last
2026-01-24 17:56:31.683 [main] DEBUG c.e.c.r.InMemoryContactRepository - New contact saved with ID: 00027
2026-01-24 17:56:31.683 [main] INFO  c.e.c.service.ContactServiceImpl - Contact added successfully: ID=00027
2026-01-24 17:56:31.683 [main] DEBUG c.e.c.service.ContactServiceImpl - Attempting to add contact
2026-01-24 17:56:31.683 [main] DEBUG c.e.c.validation.ContactValidator - Contact validation passed for ID: 00028
2026-01-24 17:56:31.683 [main] INFO  AUDIT - Contact created: ID=00028, Name=First Last
2026-01-24 17:56:31.683 [main] DEBUG c.e.c.r.InMemoryContactRepository - New contact saved with ID: 00028
2026-01-24 17:56:31.683 [main] INFO  c.e.c.service.ContactServiceImpl - Contact added successfully: ID=00028
2026-01-24 17:56:31.683 [main] DEBUG c.e.c.service.ContactServiceImpl - Attempting to add contact
2026-01-24 17:56:31.683 [main] DEBUG c.e.c.validation.ContactValidator - Contact validation passed for ID: 00029
2026-01-24 17:56:31.683 [main] INFO  AUDIT - Contact created: ID=00029, Name=First Last
2026-01-24 17:56:31.683 [main] DEBUG c.e.c.r.InMemoryContactRepository - New contact saved with ID: 00029
2026-01-24 17:56:31.683 [main] INFO  c.e.c.service.ContactServiceImpl - Contact added successfully: ID=00029
2026-01-24 17:56:31.683 [main] DEBUG c.e.c.service.ContactServiceImpl - Attempting to add contact
2026-01-24 17:56:31.683 [main] DEBUG c.e.c.validation.ContactValidator - Contact validation passed for ID: 00030
2026-01-24 17:56:31.683 [main] INFO  AUDIT - Contact created: ID=00030, Name=First Last
2026-01-24 17:56:31.683 [main] DEBUG c.e.c.r.InMemoryContactRepository - New contact saved with ID: 00030
2026-01-24 17:56:31.683 [main] INFO  c.e.c.service.ContactServiceImpl - Contact added successfully: ID=00030
2026-01-24 17:56:31.683 [main] DEBUG c.e.c.service.ContactServiceImpl - Attempting to add contact
2026-01-24 17:56:31.683 [main] DEBUG c.e.c.validation.ContactValidator - Contact validation passed for ID: 00031
2026-01-24 17:56:31.683 [main] INFO  AUDIT - Contact created: ID=00031, Name=First Last
2026-01-24 17:56:31.683 [main] DEBUG c.e.c.r.InMemoryContactRepository - New contact saved with ID: 00031
2026-01-24 17:56:31.683 [main] INFO  c.e.c.service.ContactServiceImpl - Contact added successfully: ID=00031
2026-01-24 17:56:31.683 [main] DEBUG c.e.c.service.ContactServiceImpl - Attempting to add contact
2026-01-24 17:56:31.683 [main] DEBUG c.e.c.validation.ContactValidator - Contact validation passed for ID: 00032
2026-01-24 17:56:31.683 [main] INFO  AUDIT - Contact created: ID=00032, Name=First Last
2026-01-24 17:56:31.683 [main] DEBUG c.e.c.r.InMemoryContactRepository - New contact saved with ID: 00032
2026-01-24 17:56:31.683 [main] INFO  c.e.c.service.ContactServiceImpl - Contact added successfully: ID=00032
2026-01-24 17:56:31.683 [main] DEBUG c.e.c.service.ContactServiceImpl - Attempting to add contact
2026-01-24 17:56:31.683 [main] DEBUG c.e.c.validation.ContactValidator - Contact validation passed for ID: 00033
2026-01-24 17:56:31.683 [main] INFO  AUDIT - Contact created: ID=00033, Name=First Last
2026-01-24 17:56:31.683 [main] DEBUG c.e.c.r.InMemoryContactRepository - New contact saved with ID: 00033
2026-01-24 17:56:31.683 [main] INFO  c.e.c.service.ContactServiceImpl - Contact added successfully: ID=00033
2026-01-24 17:56:31.683 [main] DEBUG c.e.c.service.ContactServiceImpl - Attempting to add contact
2026-01-24 17:56:31.683 [main] DEBUG c.e.c.validation.ContactValidator - Contact validation passed for ID: 00034
2026-01-24 17:56:31.685 [main] INFO  AUDIT - Contact created: ID=00034, Name=First Last
2026-01-24 17:56:31.685 [main] DEBUG c.e.c.r.InMemoryContactRepository - New contact saved with ID: 00034
2026-01-24 17:56:31.685 [main] INFO  c.e.c.service.ContactServiceImpl - Contact added successfully: ID=00034
2026-01-24 17:56:31.685 [main] DEBUG c.e.c.service.ContactServiceImpl - Attempting to add contact
2026-01-24 17:56:31.685 [main] DEBUG c.e.c.validation.ContactValidator - Contact validation passed for ID: 00035
2026-01-24 17:56:31.685 [main] INFO  AUDIT - Contact created: ID=00035, Name=First Last
2026-01-24 17:56:31.685 [main] DEBUG c.e.c.r.InMemoryContactRepository - New contact saved with ID: 00035
2026-01-24 17:56:31.685 [main] INFO  c.e.c.service.ContactServiceImpl - Contact added successfully: ID=00035
2026-01-24 17:56:31.685 [main] DEBUG c.e.c.service.ContactServiceImpl - Attempting to add contact
2026-01-24 17:56:31.685 [main] DEBUG c.e.c.validation.ContactValidator - Contact validation passed for ID: 00036
2026-01-24 17:56:31.685 [main] INFO  AUDIT - Contact created: ID=00036, Name=First Last
2026-01-24 17:56:31.685 [main] DEBUG c.e.c.r.InMemoryContactRepository - New contact saved with ID: 00036
2026-01-24 17:56:31.685 [main] INFO  c.e.c.service.ContactServiceImpl - Contact added successfully: ID=00036
2026-01-24 17:56:31.685 [main] DEBUG c.e.c.service.ContactServiceImpl - Attempting to add contact
2026-01-24 17:56:31.685 [main] DEBUG c.e.c.validation.ContactValidator - Contact validation passed for ID: 00037
2026-01-24 17:56:31.685 [main] INFO  AUDIT - Contact created: ID=00037, Name=First Last
2026-01-24 17:56:31.685 [main] DEBUG c.e.c.r.InMemoryContactRepository - New contact saved with ID: 00037
2026-01-24 17:56:31.685 [main] INFO  c.e.c.service.ContactServiceImpl - Contact added successfully: ID=00037
2026-01-24 17:56:31.685 [main] DEBUG c.e.c.service.ContactServiceImpl - Attempting to add contact
2026-01-24 17:56:31.685 [main] DEBUG c.e.c.validation.ContactValidator - Contact validation passed for ID: 00038
2026-01-24 17:56:31.685 [main] INFO  AUDIT - Contact created: ID=00038, Name=First Last
2026-01-24 17:56:31.685 [main] DEBUG c.e.c.r.InMemoryContactRepository - New contact saved with ID: 00038
2026-01-24 17:56:31.685 [main] INFO  c.e.c.service.ContactServiceImpl - Contact added successfully: ID=00038
2026-01-24 17:56:31.685 [main] DEBUG c.e.c.service.ContactServiceImpl - Attempting to add contact
2026-01-24 17:56:31.685 [main] DEBUG c.e.c.validation.ContactValidator - Contact validation passed for ID: 00039
2026-01-24 17:56:31.685 [main] INFO  AUDIT - Contact created: ID=00039, Name=First Last
2026-01-24 17:56:31.685 [main] DEBUG c.e.c.r.InMemoryContactRepository - New contact saved with ID: 00039
2026-01-24 17:56:31.685 [main] INFO  c.e.c.service.ContactServiceImpl - Contact added successfully: ID=00039
2026-01-24 17:56:31.685 [main] DEBUG c.e.c.service.ContactServiceImpl - Attempting to add contact
2026-01-24 17:56:31.685 [main] DEBUG c.e.c.validation.ContactValidator - Contact validation passed for ID: 00040
2026-01-24 17:56:31.685 [main] INFO  AUDIT - Contact created: ID=00040, Name=First Last
2026-01-24 17:56:31.685 [main] DEBUG c.e.c.r.InMemoryContactRepository - New contact saved with ID: 00040
2026-01-24 17:56:31.685 [main] INFO  c.e.c.service.ContactServiceImpl - Contact added successfully: ID=00040
2026-01-24 17:56:31.685 [main] DEBUG c.e.c.service.ContactServiceImpl - Attempting to add contact
2026-01-24 17:56:31.685 [main] DEBUG c.e.c.validation.ContactValidator - Contact validation passed for ID: 00041
2026-01-24 17:56:31.685 [main] INFO  AUDIT - Contact created: ID=00041, Name=First Last
2026-01-24 17:56:31.685 [main] DEBUG c.e.c.r.InMemoryContactRepository - New contact saved with ID: 00041
2026-01-24 17:56:31.685 [main] INFO  c.e.c.service.ContactServiceImpl - Contact added successfully: ID=00041
2026-01-24 17:56:31.685 [main] DEBUG c.e.c.service.ContactServiceImpl - Attempting to add contact
2026-01-24 17:56:31.685 [main] DEBUG c.e.c.validation.ContactValidator - Contact validation passed for ID: 00042
2026-01-24 17:56:31.685 [main] INFO  AUDIT - Contact created: ID=00042, Name=First Last
2026-01-24 17:56:31.685 [main] DEBUG c.e.c.r.InMemoryContactRepository - New contact saved with ID: 00042
2026-01-24 17:56:31.686 [main] INFO  c.e.c.service.ContactServiceImpl - Contact added successfully: ID=00042
2026-01-24 17:56:31.686 [main] DEBUG c.e.c.service.ContactServiceImpl - Attempting to add contact
2026-01-24 17:56:31.686 [main] DEBUG c.e.c.validation.ContactValidator - Contact validation passed for ID: 00043
2026-01-24 17:56:31.686 [main] INFO  AUDIT - Contact created: ID=00043, Name=First Last
2026-01-24 17:56:31.686 [main] DEBUG c.e.c.r.InMemoryContactRepository - New contact saved with ID: 00043
2026-01-24 17:56:31.686 [main] INFO  c.e.c.service.ContactServiceImpl - Contact added successfully: ID=00043
2026-01-24 17:56:31.686 [main] DEBUG c.e.c.service.ContactServiceImpl - Attempting to add contact
2026-01-24 17:56:31.686 [main] DEBUG c.e.c.validation.ContactValidator - Contact validation passed for ID: 00044
2026-01-24 17:56:31.686 [main] INFO  AUDIT - Contact created: ID=00044, Name=First Last
2026-01-24 17:56:31.686 [main] DEBUG c.e.c.r.InMemoryContactRepository - New contact saved with ID: 00044
2026-01-24 17:56:31.686 [main] INFO  c.e.c.service.ContactServiceImpl - Contact added successfully: ID=00044
2026-01-24 17:56:31.686 [main] DEBUG c.e.c.service.ContactServiceImpl - Attempting to add contact
2026-01-24 17:56:31.686 [main] DEBUG c.e.c.validation.ContactValidator - Contact validation passed for ID: 00045
2026-01-24 17:56:31.686 [main] INFO  AUDIT - Contact created: ID=00045, Name=First Last
2026-01-24 17:56:31.686 [main] DEBUG c.e.c.r.InMemoryContactRepository - New contact saved with ID: 00045
2026-01-24 17:56:31.686 [main] INFO  c.e.c.service.ContactServiceImpl - Contact added successfully: ID=00045
2026-01-24 17:56:31.686 [main] DEBUG c.e.c.service.ContactServiceImpl - Attempting to add contact
2026-01-24 17:56:31.686 [main] DEBUG c.e.c.validation.ContactValidator - Contact validation passed for ID: 00046
2026-01-24 17:56:31.686 [main] INFO  AUDIT - Contact created: ID=00046, Name=First Last
2026-01-24 17:56:31.686 [main] DEBUG c.e.c.r.InMemoryContactRepository - New contact saved with ID: 00046
2026-01-24 17:56:31.686 [main] INFO  c.e.c.service.ContactServiceImpl - Contact added successfully: ID=00046
2026-01-24 17:56:31.686 [main] DEBUG c.e.c.service.ContactServiceImpl - Attempting to add contact
2026-01-24 17:56:31.686 [main] DEBUG c.e.c.validation.ContactValidator - Contact validation passed for ID: 00047
2026-01-24 17:56:31.686 [main] INFO  AUDIT - Contact created: ID=00047, Name=First Last
2026-01-24 17:56:31.686 [main] DEBUG c.e.c.r.InMemoryContactRepository - New contact saved with ID: 00047
2026-01-24 17:56:31.686 [main] INFO  c.e.c.service.ContactServiceImpl - Contact added successfully: ID=00047
2026-01-24 17:56:31.686 [main] DEBUG c.e.c.service.ContactServiceImpl - Attempting to add contact
2026-01-24 17:56:31.686 [main] DEBUG c.e.c.validation.ContactValidator - Contact validation passed for ID: 00048
2026-01-24 17:56:31.686 [main] INFO  AUDIT - Contact created: ID=00048, Name=First Last
2026-01-24 17:56:31.686 [main] DEBUG c.e.c.r.InMemoryContactRepository - New contact saved with ID: 00048
2026-01-24 17:56:31.686 [main] INFO  c.e.c.service.ContactServiceImpl - Contact added successfully: ID=00048
2026-01-24 17:56:31.686 [main] DEBUG c.e.c.service.ContactServiceImpl - Attempting to add contact
2026-01-24 17:56:31.686 [main] DEBUG c.e.c.validation.ContactValidator - Contact validation passed for ID: 00049
2026-01-24 17:56:31.686 [main] INFO  AUDIT - Contact created: ID=00049, Name=First Last
2026-01-24 17:56:31.686 [main] DEBUG c.e.c.r.InMemoryContactRepository - New contact saved with ID: 00049
2026-01-24 17:56:31.687 [main] INFO  c.e.c.service.ContactServiceImpl - Contact added successfully: ID=00049
2026-01-24 17:56:31.687 [main] DEBUG c.e.c.service.ContactServiceImpl - Attempting to add contact
2026-01-24 17:56:31.687 [main] DEBUG c.e.c.validation.ContactValidator - Contact validation passed for ID: 00050
2026-01-24 17:56:31.687 [main] INFO  AUDIT - Contact created: ID=00050, Name=First Last
2026-01-24 17:56:31.687 [main] DEBUG c.e.c.r.InMemoryContactRepository - New contact saved with ID: 00050
2026-01-24 17:56:31.687 [main] INFO  c.e.c.service.ContactServiceImpl - Contact added successfully: ID=00050
2026-01-24 17:56:31.687 [main] DEBUG c.e.c.service.ContactServiceImpl - Attempting to add contact
2026-01-24 17:56:31.687 [main] DEBUG c.e.c.validation.ContactValidator - Contact validation passed for ID: 00051
2026-01-24 17:56:31.687 [main] INFO  AUDIT - Contact created: ID=00051, Name=First Last
2026-01-24 17:56:31.687 [main] DEBUG c.e.c.r.InMemoryContactRepository - New contact saved with ID: 00051
2026-01-24 17:56:31.687 [main] INFO  c.e.c.service.ContactServiceImpl - Contact added successfully: ID=00051
2026-01-24 17:56:31.687 [main] DEBUG c.e.c.service.ContactServiceImpl - Attempting to add contact
2026-01-24 17:56:31.687 [main] DEBUG c.e.c.validation.ContactValidator - Contact validation passed for ID: 00052
2026-01-24 17:56:31.687 [main] INFO  AUDIT - Contact created: ID=00052, Name=First Last
2026-01-24 17:56:31.687 [main] DEBUG c.e.c.r.InMemoryContactRepository - New contact saved with ID: 00052
2026-01-24 17:56:31.687 [main] INFO  c.e.c.service.ContactServiceImpl - Contact added successfully: ID=00052
2026-01-24 17:56:31.687 [main] DEBUG c.e.c.service.ContactServiceImpl - Attempting to add contact
2026-01-24 17:56:31.687 [main] DEBUG c.e.c.validation.ContactValidator - Contact validation passed for ID: 00053
2026-01-24 17:56:31.687 [main] INFO  AUDIT - Contact created: ID=00053, Name=First Last
2026-01-24 17:56:31.687 [main] DEBUG c.e.c.r.InMemoryContactRepository - New contact saved with ID: 00053
2026-01-24 17:56:31.687 [main] INFO  c.e.c.service.ContactServiceImpl - Contact added successfully: ID=00053
2026-01-24 17:56:31.687 [main] DEBUG c.e.c.service.ContactServiceImpl - Attempting to add contact
2026-01-24 17:56:31.687 [main] DEBUG c.e.c.validation.ContactValidator - Contact validation passed for ID: 00054
2026-01-24 17:56:31.687 [main] INFO  AUDIT - Contact created: ID=00054, Name=First Last
2026-01-24 17:56:31.687 [main] DEBUG c.e.c.r.InMemoryContactRepository - New contact saved with ID: 00054
2026-01-24 17:56:31.687 [main] INFO  c.e.c.service.ContactServiceImpl - Contact added successfully: ID=00054
2026-01-24 17:56:31.687 [main] DEBUG c.e.c.service.ContactServiceImpl - Attempting to add contact
2026-01-24 17:56:31.687 [main] DEBUG c.e.c.validation.ContactValidator - Contact validation passed for ID: 00055
2026-01-24 17:56:31.687 [main] INFO  AUDIT - Contact created: ID=00055, Name=First Last
2026-01-24 17:56:31.687 [main] DEBUG c.e.c.r.InMemoryContactRepository - New contact saved with ID: 00055
2026-01-24 17:56:31.687 [main] INFO  c.e.c.service.ContactServiceImpl - Contact added successfully: ID=00055
2026-01-24 17:56:31.687 [main] DEBUG c.e.c.service.ContactServiceImpl - Attempting to add contact
2026-01-24 17:56:31.687 [main] DEBUG c.e.c.validation.ContactValidator - Contact validation passed for ID: 00056
2026-01-24 17:56:31.687 [main] INFO  AUDIT - Contact created: ID=00056, Name=First Last
2026-01-24 17:56:31.687 [main] DEBUG c.e.c.r.InMemoryContactRepository - New contact saved with ID: 00056
2026-01-24 17:56:31.687 [main] INFO  c.e.c.service.ContactServiceImpl - Contact added successfully: ID=00056
2026-01-24 17:56:31.687 [main] DEBUG c.e.c.service.ContactServiceImpl - Attempting to add contact
2026-01-24 17:56:31.687 [main] DEBUG c.e.c.validation.ContactValidator - Contact validation passed for ID: 00057
2026-01-24 17:56:31.687 [main] INFO  AUDIT - Contact created: ID=00057, Name=First Last
2026-01-24 17:56:31.687 [main] DEBUG c.e.c.r.InMemoryContactRepository - New contact saved with ID: 00057
2026-01-24 17:56:31.687 [main] INFO  c.e.c.service.ContactServiceImpl - Contact added successfully: ID=00057
2026-01-24 17:56:31.687 [main] DEBUG c.e.c.service.ContactServiceImpl - Attempting to add contact
2026-01-24 17:56:31.687 [main] DEBUG c.e.c.validation.ContactValidator - Contact validation passed for ID: 00058
2026-01-24 17:56:31.687 [main] INFO  AUDIT - Contact created: ID=00058, Name=First Last
2026-01-24 17:56:31.687 [main] DEBUG c.e.c.r.InMemoryContactRepository - New contact saved with ID: 00058
2026-01-24 17:56:31.687 [main] INFO  c.e.c.service.ContactServiceImpl - Contact added successfully: ID=00058
2026-01-24 17:56:31.687 [main] DEBUG c.e.c.service.ContactServiceImpl - Attempting to add contact
2026-01-24 17:56:31.688 [main] DEBUG c.e.c.validation.ContactValidator - Contact validation passed for ID: 00059
2026-01-24 17:56:31.688 [main] INFO  AUDIT - Contact created: ID=00059, Name=First Last
2026-01-24 17:56:31.688 [main] DEBUG c.e.c.r.InMemoryContactRepository - New contact saved with ID: 00059
2026-01-24 17:56:31.688 [main] INFO  c.e.c.service.ContactServiceImpl - Contact added successfully: ID=00059
2026-01-24 17:56:31.688 [main] DEBUG c.e.c.service.ContactServiceImpl - Attempting to add contact
2026-01-24 17:56:31.688 [main] DEBUG c.e.c.validation.ContactValidator - Contact validation passed for ID: 00060
2026-01-24 17:56:31.688 [main] INFO  AUDIT - Contact created: ID=00060, Name=First Last
2026-01-24 17:56:31.688 [main] DEBUG c.e.c.r.InMemoryContactRepository - New contact saved with ID: 00060
2026-01-24 17:56:31.688 [main] INFO  c.e.c.service.ContactServiceImpl - Contact added successfully: ID=00060
2026-01-24 17:56:31.688 [main] DEBUG c.e.c.service.ContactServiceImpl - Attempting to add contact
2026-01-24 17:56:31.688 [main] DEBUG c.e.c.validation.ContactValidator - Contact validation passed for ID: 00061
2026-01-24 17:56:31.688 [main] INFO  AUDIT - Contact created: ID=00061, Name=First Last
2026-01-24 17:56:31.688 [main] DEBUG c.e.c.r.InMemoryContactRepository - New contact saved with ID: 00061
2026-01-24 17:56:31.688 [main] INFO  c.e.c.service.ContactServiceImpl - Contact added successfully: ID=00061
2026-01-24 17:56:31.688 [main] DEBUG c.e.c.service.ContactServiceImpl - Attempting to add contact
2026-01-24 17:56:31.688 [main] DEBUG c.e.c.validation.ContactValidator - Contact validation passed for ID: 00062
2026-01-24 17:56:31.688 [main] INFO  AUDIT - Contact created: ID=00062, Name=First Last
2026-01-24 17:56:31.688 [main] DEBUG c.e.c.r.InMemoryContactRepository - New contact saved with ID: 00062
2026-01-24 17:56:31.688 [main] INFO  c.e.c.service.ContactServiceImpl - Contact added successfully: ID=00062
2026-01-24 17:56:31.688 [main] DEBUG c.e.c.service.ContactServiceImpl - Attempting to add contact
2026-01-24 17:56:31.688 [main] DEBUG c.e.c.validation.ContactValidator - Contact validation passed for ID: 00063
2026-01-24 17:56:31.688 [main] INFO  AUDIT - Contact created: ID=00063, Name=First Last
2026-01-24 17:56:31.688 [main] DEBUG c.e.c.r.InMemoryContactRepository - New contact saved with ID: 00063
2026-01-24 17:56:31.688 [main] INFO  c.e.c.service.ContactServiceImpl - Contact added successfully: ID=00063
2026-01-24 17:56:31.688 [main] DEBUG c.e.c.service.ContactServiceImpl - Attempting to add contact
2026-01-24 17:56:31.688 [main] DEBUG c.e.c.validation.ContactValidator - Contact validation passed for ID: 00064
2026-01-24 17:56:31.688 [main] INFO  AUDIT - Contact created: ID=00064, Name=First Last
2026-01-24 17:56:31.688 [main] DEBUG c.e.c.r.InMemoryContactRepository - New contact saved with ID: 00064
2026-01-24 17:56:31.688 [main] INFO  c.e.c.service.ContactServiceImpl - Contact added successfully: ID=00064
2026-01-24 17:56:31.688 [main] DEBUG c.e.c.service.ContactServiceImpl - Attempting to add contact
2026-01-24 17:56:31.688 [main] DEBUG c.e.c.validation.ContactValidator - Contact validation passed for ID: 00065
2026-01-24 17:56:31.688 [main] INFO  AUDIT - Contact created: ID=00065, Name=First Last
2026-01-24 17:56:31.688 [main] DEBUG c.e.c.r.InMemoryContactRepository - New contact saved with ID: 00065
2026-01-24 17:56:31.688 [main] INFO  c.e.c.service.ContactServiceImpl - Contact added successfully: ID=00065
2026-01-24 17:56:31.688 [main] DEBUG c.e.c.service.ContactServiceImpl - Attempting to add contact
2026-01-24 17:56:31.688 [main] DEBUG c.e.c.validation.ContactValidator - Contact validation passed for ID: 00066
2026-01-24 17:56:31.688 [main] INFO  AUDIT - Contact created: ID=00066, Name=First Last
2026-01-24 17:56:31.688 [main] DEBUG c.e.c.r.InMemoryContactRepository - New contact saved with ID: 00066
2026-01-24 17:56:31.688 [main] INFO  c.e.c.service.ContactServiceImpl - Contact added successfully: ID=00066
2026-01-24 17:56:31.688 [main] DEBUG c.e.c.service.ContactServiceImpl - Attempting to add contact
2026-01-24 17:56:31.688 [main] DEBUG c.e.c.validation.ContactValidator - Contact validation passed for ID: 00067
2026-01-24 17:56:31.688 [main] INFO  AUDIT - Contact created: ID=00067, Name=First Last
2026-01-24 17:56:31.688 [main] DEBUG c.e.c.r.InMemoryContactRepository - New contact saved with ID: 00067
2026-01-24 17:56:31.688 [main] INFO  c.e.c.service.ContactServiceImpl - Contact added successfully: ID=00067
2026-01-24 17:56:31.688 [main] DEBUG c.e.c.service.ContactServiceImpl - Attempting to add contact
2026-01-24 17:56:31.688 [main] DEBUG c.e.c.validation.ContactValidator - Contact validation passed for ID: 00068
2026-01-24 17:56:31.688 [main] INFO  AUDIT - Contact created: ID=00068, Name=First Last
2026-01-24 17:56:31.689 [main] DEBUG c.e.c.r.InMemoryContactRepository - New contact saved with ID: 00068
2026-01-24 17:56:31.689 [main] INFO  c.e.c.service.ContactServiceImpl - Contact added successfully: ID=00068
2026-01-24 17:56:31.689 [main] DEBUG c.e.c.service.ContactServiceImpl - Attempting to add contact
2026-01-24 17:56:31.689 [main] DEBUG c.e.c.validation.ContactValidator - Contact validation passed for ID: 00069
2026-01-24 17:56:31.689 [main] INFO  AUDIT - Contact created: ID=00069, Name=First Last
2026-01-24 17:56:31.689 [main] DEBUG c.e.c.r.InMemoryContactRepository - New contact saved with ID: 00069
2026-01-24 17:56:31.689 [main] INFO  c.e.c.service.ContactServiceImpl - Contact added successfully: ID=00069
2026-01-24 17:56:31.689 [main] DEBUG c.e.c.service.ContactServiceImpl - Attempting to add contact
2026-01-24 17:56:31.689 [main] DEBUG c.e.c.validation.ContactValidator - Contact validation passed for ID: 00070
2026-01-24 17:56:31.689 [main] INFO  AUDIT - Contact created: ID=00070, Name=First Last
2026-01-24 17:56:31.689 [main] DEBUG c.e.c.r.InMemoryContactRepository - New contact saved with ID: 00070
2026-01-24 17:56:31.689 [main] INFO  c.e.c.service.ContactServiceImpl - Contact added successfully: ID=00070
2026-01-24 17:56:31.689 [main] DEBUG c.e.c.service.ContactServiceImpl - Attempting to add contact
2026-01-24 17:56:31.689 [main] DEBUG c.e.c.validation.ContactValidator - Contact validation passed for ID: 00071
2026-01-24 17:56:31.689 [main] INFO  AUDIT - Contact created: ID=00071, Name=First Last
2026-01-24 17:56:31.689 [main] DEBUG c.e.c.r.InMemoryContactRepository - New contact saved with ID: 00071
2026-01-24 17:56:31.689 [main] INFO  c.e.c.service.ContactServiceImpl - Contact added successfully: ID=00071
2026-01-24 17:56:31.689 [main] DEBUG c.e.c.service.ContactServiceImpl - Attempting to add contact
2026-01-24 17:56:31.689 [main] DEBUG c.e.c.validation.ContactValidator - Contact validation passed for ID: 00072
2026-01-24 17:56:31.689 [main] INFO  AUDIT - Contact created: ID=00072, Name=First Last
2026-01-24 17:56:31.689 [main] DEBUG c.e.c.r.InMemoryContactRepository - New contact saved with ID: 00072
2026-01-24 17:56:31.689 [main] INFO  c.e.c.service.ContactServiceImpl - Contact added successfully: ID=00072
2026-01-24 17:56:31.689 [main] DEBUG c.e.c.service.ContactServiceImpl - Attempting to add contact
2026-01-24 17:56:31.689 [main] DEBUG c.e.c.validation.ContactValidator - Contact validation passed for ID: 00073
2026-01-24 17:56:31.689 [main] INFO  AUDIT - Contact created: ID=00073, Name=First Last
2026-01-24 17:56:31.689 [main] DEBUG c.e.c.r.InMemoryContactRepository - New contact saved with ID: 00073
2026-01-24 17:56:31.689 [main] INFO  c.e.c.service.ContactServiceImpl - Contact added successfully: ID=00073
2026-01-24 17:56:31.689 [main] DEBUG c.e.c.service.ContactServiceImpl - Attempting to add contact
2026-01-24 17:56:31.689 [main] DEBUG c.e.c.validation.ContactValidator - Contact validation passed for ID: 00074
2026-01-24 17:56:31.689 [main] INFO  AUDIT - Contact created: ID=00074, Name=First Last
2026-01-24 17:56:31.689 [main] DEBUG c.e.c.r.InMemoryContactRepository - New contact saved with ID: 00074
2026-01-24 17:56:31.689 [main] INFO  c.e.c.service.ContactServiceImpl - Contact added successfully: ID=00074
2026-01-24 17:56:31.689 [main] DEBUG c.e.c.service.ContactServiceImpl - Attempting to add contact
2026-01-24 17:56:31.689 [main] DEBUG c.e.c.validation.ContactValidator - Contact validation passed for ID: 00075
2026-01-24 17:56:31.689 [main] INFO  AUDIT - Contact created: ID=00075, Name=First Last
2026-01-24 17:56:31.689 [main] DEBUG c.e.c.r.InMemoryContactRepository - New contact saved with ID: 00075
2026-01-24 17:56:31.689 [main] INFO  c.e.c.service.ContactServiceImpl - Contact added successfully: ID=00075
2026-01-24 17:56:31.689 [main] DEBUG c.e.c.service.ContactServiceImpl - Attempting to add contact
2026-01-24 17:56:31.689 [main] DEBUG c.e.c.validation.ContactValidator - Contact validation passed for ID: 00076
2026-01-24 17:56:31.689 [main] INFO  AUDIT - Contact created: ID=00076, Name=First Last
2026-01-24 17:56:31.689 [main] DEBUG c.e.c.r.InMemoryContactRepository - New contact saved with ID: 00076
2026-01-24 17:56:31.689 [main] INFO  c.e.c.service.ContactServiceImpl - Contact added successfully: ID=00076
2026-01-24 17:56:31.689 [main] DEBUG c.e.c.service.ContactServiceImpl - Attempting to add contact
2026-01-24 17:56:31.689 [main] DEBUG c.e.c.validation.ContactValidator - Contact validation passed for ID: 00077
2026-01-24 17:56:31.689 [main] INFO  AUDIT - Contact created: ID=00077, Name=First Last
2026-01-24 17:56:31.689 [main] DEBUG c.e.c.r.InMemoryContactRepository - New contact saved with ID: 00077
2026-01-24 17:56:31.689 [main] INFO  c.e.c.service.ContactServiceImpl - Contact added successfully: ID=00077
2026-01-24 17:56:31.689 [main] DEBUG c.e.c.service.ContactServiceImpl - Attempting to add contact
2026-01-24 17:56:31.689 [main] DEBUG c.e.c.validation.ContactValidator - Contact validation passed for ID: 00078
2026-01-24 17:56:31.689 [main] INFO  AUDIT - Contact created: ID=00078, Name=First Last
2026-01-24 17:56:31.689 [main] DEBUG c.e.c.r.InMemoryContactRepository - New contact saved with ID: 00078
2026-01-24 17:56:31.690 [main] INFO  c.e.c.service.ContactServiceImpl - Contact added successfully: ID=00078
2026-01-24 17:56:31.690 [main] DEBUG c.e.c.service.ContactServiceImpl - Attempting to add contact
2026-01-24 17:56:31.690 [main] DEBUG c.e.c.validation.ContactValidator - Contact validation passed for ID: 00079
2026-01-24 17:56:31.690 [main] INFO  AUDIT - Contact created: ID=00079, Name=First Last
2026-01-24 17:56:31.690 [main] DEBUG c.e.c.r.InMemoryContactRepository - New contact saved with ID: 00079
2026-01-24 17:56:31.690 [main] INFO  c.e.c.service.ContactServiceImpl - Contact added successfully: ID=00079
2026-01-24 17:56:31.690 [main] DEBUG c.e.c.service.ContactServiceImpl - Attempting to add contact
2026-01-24 17:56:31.690 [main] DEBUG c.e.c.validation.ContactValidator - Contact validation passed for ID: 00080
2026-01-24 17:56:31.690 [main] INFO  AUDIT - Contact created: ID=00080, Name=First Last
2026-01-24 17:56:31.690 [main] DEBUG c.e.c.r.InMemoryContactRepository - New contact saved with ID: 00080
2026-01-24 17:56:31.690 [main] INFO  c.e.c.service.ContactServiceImpl - Contact added successfully: ID=00080
2026-01-24 17:56:31.690 [main] DEBUG c.e.c.service.ContactServiceImpl - Attempting to add contact
2026-01-24 17:56:31.690 [main] DEBUG c.e.c.validation.ContactValidator - Contact validation passed for ID: 00081
2026-01-24 17:56:31.690 [main] INFO  AUDIT - Contact created: ID=00081, Name=First Last
2026-01-24 17:56:31.690 [main] DEBUG c.e.c.r.InMemoryContactRepository - New contact saved with ID: 00081
2026-01-24 17:56:31.690 [main] INFO  c.e.c.service.ContactServiceImpl - Contact added successfully: ID=00081
2026-01-24 17:56:31.690 [main] DEBUG c.e.c.service.ContactServiceImpl - Attempting to add contact
2026-01-24 17:56:31.690 [main] DEBUG c.e.c.validation.ContactValidator - Contact validation passed for ID: 00082
2026-01-24 17:56:31.690 [main] INFO  AUDIT - Contact created: ID=00082, Name=First Last
2026-01-24 17:56:31.690 [main] DEBUG c.e.c.r.InMemoryContactRepository - New contact saved with ID: 00082
2026-01-24 17:56:31.690 [main] INFO  c.e.c.service.ContactServiceImpl - Contact added successfully: ID=00082
2026-01-24 17:56:31.690 [main] DEBUG c.e.c.service.ContactServiceImpl - Attempting to add contact
2026-01-24 17:56:31.690 [main] DEBUG c.e.c.validation.ContactValidator - Contact validation passed for ID: 00083
2026-01-24 17:56:31.690 [main] INFO  AUDIT - Contact created: ID=00083, Name=First Last
2026-01-24 17:56:31.690 [main] DEBUG c.e.c.r.InMemoryContactRepository - New contact saved with ID: 00083
2026-01-24 17:56:31.690 [main] INFO  c.e.c.service.ContactServiceImpl - Contact added successfully: ID=00083
2026-01-24 17:56:31.690 [main] DEBUG c.e.c.service.ContactServiceImpl - Attempting to add contact
2026-01-24 17:56:31.690 [main] DEBUG c.e.c.validation.ContactValidator - Contact validation passed for ID: 00084
2026-01-24 17:56:31.690 [main] INFO  AUDIT - Contact created: ID=00084, Name=First Last
2026-01-24 17:56:31.690 [main] DEBUG c.e.c.r.InMemoryContactRepository - New contact saved with ID: 00084
2026-01-24 17:56:31.690 [main] INFO  c.e.c.service.ContactServiceImpl - Contact added successfully: ID=00084
2026-01-24 17:56:31.690 [main] DEBUG c.e.c.service.ContactServiceImpl - Attempting to add contact
2026-01-24 17:56:31.690 [main] DEBUG c.e.c.validation.ContactValidator - Contact validation passed for ID: 00085
2026-01-24 17:56:31.690 [main] INFO  AUDIT - Contact created: ID=00085, Name=First Last
2026-01-24 17:56:31.690 [main] DEBUG c.e.c.r.InMemoryContactRepository - New contact saved with ID: 00085
2026-01-24 17:56:31.690 [main] INFO  c.e.c.service.ContactServiceImpl - Contact added successfully: ID=00085
2026-01-24 17:56:31.690 [main] DEBUG c.e.c.service.ContactServiceImpl - Attempting to add contact
2026-01-24 17:56:31.691 [main] DEBUG c.e.c.validation.ContactValidator - Contact validation passed for ID: 00086
2026-01-24 17:56:31.691 [main] INFO  AUDIT - Contact created: ID=00086, Name=First Last
2026-01-24 17:56:31.691 [main] DEBUG c.e.c.r.InMemoryContactRepository - New contact saved with ID: 00086
2026-01-24 17:56:31.691 [main] INFO  c.e.c.service.ContactServiceImpl - Contact added successfully: ID=00086
2026-01-24 17:56:31.691 [main] DEBUG c.e.c.service.ContactServiceImpl - Attempting to add contact
2026-01-24 17:56:31.691 [main] DEBUG c.e.c.validation.ContactValidator - Contact validation passed for ID: 00087
2026-01-24 17:56:31.691 [main] INFO  AUDIT - Contact created: ID=00087, Name=First Last
2026-01-24 17:56:31.691 [main] DEBUG c.e.c.r.InMemoryContactRepository - New contact saved with ID: 00087
2026-01-24 17:56:31.691 [main] INFO  c.e.c.service.ContactServiceImpl - Contact added successfully: ID=00087
2026-01-24 17:56:31.691 [main] DEBUG c.e.c.service.ContactServiceImpl - Attempting to add contact
2026-01-24 17:56:31.691 [main] DEBUG c.e.c.validation.ContactValidator - Contact validation passed for ID: 00088
2026-01-24 17:56:31.691 [main] INFO  AUDIT - Contact created: ID=00088, Name=First Last
2026-01-24 17:56:31.691 [main] DEBUG c.e.c.r.InMemoryContactRepository - New contact saved with ID: 00088
2026-01-24 17:56:31.691 [main] INFO  c.e.c.service.ContactServiceImpl - Contact added successfully: ID=00088
2026-01-24 17:56:31.691 [main] DEBUG c.e.c.service.ContactServiceImpl - Attempting to add contact
2026-01-24 17:56:31.691 [main] DEBUG c.e.c.validation.ContactValidator - Contact validation passed for ID: 00089
2026-01-24 17:56:31.691 [main] INFO  AUDIT - Contact created: ID=00089, Name=First Last
2026-01-24 17:56:31.691 [main] DEBUG c.e.c.r.InMemoryContactRepository - New contact saved with ID: 00089
2026-01-24 17:56:31.691 [main] INFO  c.e.c.service.ContactServiceImpl - Contact added successfully: ID=00089
2026-01-24 17:56:31.691 [main] DEBUG c.e.c.service.ContactServiceImpl - Attempting to add contact
2026-01-24 17:56:31.691 [main] DEBUG c.e.c.validation.ContactValidator - Contact validation passed for ID: 00090
2026-01-24 17:56:31.691 [main] INFO  AUDIT - Contact created: ID=00090, Name=First Last
2026-01-24 17:56:31.691 [main] DEBUG c.e.c.r.InMemoryContactRepository - New contact saved with ID: 00090
2026-01-24 17:56:31.691 [main] INFO  c.e.c.service.ContactServiceImpl - Contact added successfully: ID=00090
2026-01-24 17:56:31.691 [main] DEBUG c.e.c.service.ContactServiceImpl - Attempting to add contact
2026-01-24 17:56:31.691 [main] DEBUG c.e.c.validation.ContactValidator - Contact validation passed for ID: 00091
2026-01-24 17:56:31.691 [main] INFO  AUDIT - Contact created: ID=00091, Name=First Last
2026-01-24 17:56:31.691 [main] DEBUG c.e.c.r.InMemoryContactRepository - New contact saved with ID: 00091
2026-01-24 17:56:31.691 [main] INFO  c.e.c.service.ContactServiceImpl - Contact added successfully: ID=00091
2026-01-24 17:56:31.691 [main] DEBUG c.e.c.service.ContactServiceImpl - Attempting to add contact
2026-01-24 17:56:31.691 [main] DEBUG c.e.c.validation.ContactValidator - Contact validation passed for ID: 00092
2026-01-24 17:56:31.691 [main] INFO  AUDIT - Contact created: ID=00092, Name=First Last
2026-01-24 17:56:31.691 [main] DEBUG c.e.c.r.InMemoryContactRepository - New contact saved with ID: 00092
2026-01-24 17:56:31.691 [main] INFO  c.e.c.service.ContactServiceImpl - Contact added successfully: ID=00092
2026-01-24 17:56:31.691 [main] DEBUG c.e.c.service.ContactServiceImpl - Attempting to add contact
2026-01-24 17:56:31.691 [main] DEBUG c.e.c.validation.ContactValidator - Contact validation passed for ID: 00093
2026-01-24 17:56:31.691 [main] INFO  AUDIT - Contact created: ID=00093, Name=First Last
2026-01-24 17:56:31.691 [main] DEBUG c.e.c.r.InMemoryContactRepository - New contact saved with ID: 00093
2026-01-24 17:56:31.691 [main] INFO  c.e.c.service.ContactServiceImpl - Contact added successfully: ID=00093
2026-01-24 17:56:31.691 [main] DEBUG c.e.c.service.ContactServiceImpl - Attempting to add contact
2026-01-24 17:56:31.691 [main] DEBUG c.e.c.validation.ContactValidator - Contact validation passed for ID: 00094
2026-01-24 17:56:31.691 [main] INFO  AUDIT - Contact created: ID=00094, Name=First Last
2026-01-24 17:56:31.691 [main] DEBUG c.e.c.r.InMemoryContactRepository - New contact saved with ID: 00094
2026-01-24 17:56:31.691 [main] INFO  c.e.c.service.ContactServiceImpl - Contact added successfully: ID=00094
2026-01-24 17:56:31.691 [main] DEBUG c.e.c.service.ContactServiceImpl - Attempting to add contact
2026-01-24 17:56:31.691 [main] DEBUG c.e.c.validation.ContactValidator - Contact validation passed for ID: 00095
2026-01-24 17:56:31.692 [main] INFO  AUDIT - Contact created: ID=00095, Name=First Last
2026-01-24 17:56:31.692 [main] DEBUG c.e.c.r.InMemoryContactRepository - New contact saved with ID: 00095
2026-01-24 17:56:31.692 [main] INFO  c.e.c.service.ContactServiceImpl - Contact added successfully: ID=00095
2026-01-24 17:56:31.692 [main] DEBUG c.e.c.service.ContactServiceImpl - Attempting to add contact
2026-01-24 17:56:31.692 [main] DEBUG c.e.c.validation.ContactValidator - Contact validation passed for ID: 00096
2026-01-24 17:56:31.692 [main] INFO  AUDIT - Contact created: ID=00096, Name=First Last
2026-01-24 17:56:31.692 [main] DEBUG c.e.c.r.InMemoryContactRepository - New contact saved with ID: 00096
2026-01-24 17:56:31.692 [main] INFO  c.e.c.service.ContactServiceImpl - Contact added successfully: ID=00096
2026-01-24 17:56:31.692 [main] DEBUG c.e.c.service.ContactServiceImpl - Attempting to add contact
2026-01-24 17:56:31.692 [main] DEBUG c.e.c.validation.ContactValidator - Contact validation passed for ID: 00097
2026-01-24 17:56:31.692 [main] INFO  AUDIT - Contact created: ID=00097, Name=First Last
2026-01-24 17:56:31.692 [main] DEBUG c.e.c.r.InMemoryContactRepository - New contact saved with ID: 00097
2026-01-24 17:56:31.692 [main] INFO  c.e.c.service.ContactServiceImpl - Contact added successfully: ID=00097
2026-01-24 17:56:31.692 [main] DEBUG c.e.c.service.ContactServiceImpl - Attempting to add contact
2026-01-24 17:56:31.692 [main] DEBUG c.e.c.validation.ContactValidator - Contact validation passed for ID: 00098
2026-01-24 17:56:31.692 [main] INFO  AUDIT - Contact created: ID=00098, Name=First Last
2026-01-24 17:56:31.692 [main] DEBUG c.e.c.r.InMemoryContactRepository - New contact saved with ID: 00098
2026-01-24 17:56:31.692 [main] INFO  c.e.c.service.ContactServiceImpl - Contact added successfully: ID=00098
2026-01-24 17:56:31.692 [main] DEBUG c.e.c.service.ContactServiceImpl - Attempting to add contact
2026-01-24 17:56:31.692 [main] DEBUG c.e.c.validation.ContactValidator - Contact validation passed for ID: 00099
2026-01-24 17:56:31.692 [main] INFO  AUDIT - Contact created: ID=00099, Name=First Last
2026-01-24 17:56:31.692 [main] DEBUG c.e.c.r.InMemoryContactRepository - New contact saved with ID: 00099
2026-01-24 17:56:31.692 [main] INFO  c.e.c.service.ContactServiceImpl - Contact added successfully: ID=00099
2026-01-24 17:56:31.693 [pool-2-thread-1] DEBUG c.e.c.service.ContactServiceImpl - Retrieving contact: 00000
2026-01-24 17:56:31.693 [pool-2-thread-1] DEBUG c.e.c.r.InMemoryContactRepository - Find by ID 00000: found
2026-01-24 17:56:31.693 [pool-2-thread-1] DEBUG c.e.c.service.ContactServiceImpl - Attempting to update contact: 00001
2026-01-24 17:56:31.693 [pool-2-thread-1] DEBUG c.e.c.r.InMemoryContactRepository - Find by ID 00001: found
2026-01-24 17:56:31.694 [pool-2-thread-1] INFO  AUDIT - Contact updated: ID=00001, Name=Updated Last
2026-01-24 17:56:31.694 [pool-2-thread-2] DEBUG c.e.c.service.ContactServiceImpl - Retrieving contact: 00000
2026-01-24 17:56:31.694 [pool-2-thread-1] DEBUG c.e.c.r.InMemoryContactRepository - Contact updated with ID: 00001
2026-01-24 17:56:31.694 [pool-2-thread-2] DEBUG c.e.c.r.InMemoryContactRepository - Find by ID 00000: found
2026-01-24 17:56:31.694 [pool-2-thread-2] DEBUG c.e.c.service.ContactServiceImpl - Attempting to update contact: 00001
2026-01-24 17:56:31.694 [pool-2-thread-1] INFO  c.e.c.service.ContactServiceImpl - Contact updated: ID=00001
2026-01-24 17:56:31.694 [pool-2-thread-2] DEBUG c.e.c.r.InMemoryContactRepository - Find by ID 00001: found
2026-01-24 17:56:31.694 [pool-2-thread-3] DEBUG c.e.c.service.ContactServiceImpl - Retrieving contact: 00000
2026-01-24 17:56:31.694 [pool-2-thread-1] DEBUG c.e.c.service.ContactServiceImpl - Retrieving contact: 00002
2026-01-24 17:56:31.694 [pool-2-thread-2] INFO  AUDIT - Contact updated: ID=00001, Name=Updated Last
2026-01-24 17:56:31.694 [pool-2-thread-3] DEBUG c.e.c.r.InMemoryContactRepository - Find by ID 00000: found
2026-01-24 17:56:31.694 [pool-2-thread-2] DEBUG c.e.c.r.InMemoryContactRepository - Contact updated with ID: 00001
2026-01-24 17:56:31.694 [pool-2-thread-1] DEBUG c.e.c.r.InMemoryContactRepository - Find by ID 00002: found
2026-01-24 17:56:31.694 [pool-2-thread-2] INFO  c.e.c.service.ContactServiceImpl - Contact updated: ID=00001
2026-01-24 17:56:31.694 [pool-2-thread-3] DEBUG c.e.c.service.ContactServiceImpl - Attempting to update contact: 00001
2026-01-24 17:56:31.694 [pool-2-thread-3] DEBUG c.e.c.r.InMemoryContactRepository - Find by ID 00001: found
2026-01-24 17:56:31.694 [pool-2-thread-1] DEBUG c.e.c.service.ContactServiceImpl - Attempting to update contact: 00003
2026-01-24 17:56:31.694 [pool-2-thread-1] DEBUG c.e.c.r.InMemoryContactRepository - Find by ID 00003: found
2026-01-24 17:56:31.694 [pool-2-thread-2] DEBUG c.e.c.service.ContactServiceImpl - Retrieving contact: 00002
2026-01-24 17:56:31.694 [pool-2-thread-2] DEBUG c.e.c.r.InMemoryContactRepository - Find by ID 00002: found
2026-01-24 17:56:31.694 [pool-2-thread-3] INFO  AUDIT - Contact updated: ID=00001, Name=Updated Last
2026-01-24 17:56:31.694 [pool-2-thread-3] DEBUG c.e.c.r.InMemoryContactRepository - Contact updated with ID: 00001
2026-01-24 17:56:31.694 [pool-2-thread-1] INFO  AUDIT - Contact updated: ID=00003, Name=Updated Last
2026-01-24 17:56:31.694 [pool-2-thread-4] DEBUG c.e.c.service.ContactServiceImpl - Retrieving contact: 00000
2026-01-24 17:56:31.694 [pool-2-thread-2] DEBUG c.e.c.service.ContactServiceImpl - Attempting to update contact: 00003
2026-01-24 17:56:31.694 [pool-2-thread-3] INFO  c.e.c.service.ContactServiceImpl - Contact updated: ID=00001
2026-01-24 17:56:31.694 [pool-2-thread-2] DEBUG c.e.c.r.InMemoryContactRepository - Find by ID 00003: found
2026-01-24 17:56:31.694 [pool-2-thread-1] DEBUG c.e.c.r.InMemoryContactRepository - Contact updated with ID: 00003
2026-01-24 17:56:31.694 [pool-2-thread-4] DEBUG c.e.c.r.InMemoryContactRepository - Find by ID 00000: found
2026-01-24 17:56:31.694 [pool-2-thread-3] DEBUG c.e.c.service.ContactServiceImpl - Retrieving contact: 00002
2026-01-24 17:56:31.694 [pool-2-thread-2] INFO  AUDIT - Contact updated: ID=00003, Name=Updated Last
2026-01-24 17:56:31.694 [pool-2-thread-3] DEBUG c.e.c.r.InMemoryContactRepository - Find by ID 00002: found
2026-01-24 17:56:31.694 [pool-2-thread-4] DEBUG c.e.c.service.ContactServiceImpl - Attempting to update contact: 00001
2026-01-24 17:56:31.694 [pool-2-thread-1] INFO  c.e.c.service.ContactServiceImpl - Contact updated: ID=00003
2026-01-24 17:56:31.694 [pool-2-thread-5] DEBUG c.e.c.service.ContactServiceImpl - Retrieving contact: 00000
2026-01-24 17:56:31.694 [pool-2-thread-4] DEBUG c.e.c.r.InMemoryContactRepository - Find by ID 00001: found
2026-01-24 17:56:31.694 [pool-2-thread-3] DEBUG c.e.c.service.ContactServiceImpl - Attempting to update contact: 00003
2026-01-24 17:56:31.694 [pool-2-thread-1] DEBUG c.e.c.service.ContactServiceImpl - Retrieving contact: 00004
2026-01-24 17:56:31.694 [pool-2-thread-4] INFO  AUDIT - Contact updated: ID=00001, Name=Updated Last
2026-01-24 17:56:31.694 [pool-2-thread-2] DEBUG c.e.c.r.InMemoryContactRepository - Contact updated with ID: 00003
2026-01-24 17:56:31.694 [pool-2-thread-3] DEBUG c.e.c.r.InMemoryContactRepository - Find by ID 00003: found
2026-01-24 17:56:31.694 [pool-2-thread-2] INFO  c.e.c.service.ContactServiceImpl - Contact updated: ID=00003
2026-01-24 17:56:31.694 [pool-2-thread-5] DEBUG c.e.c.r.InMemoryContactRepository - Find by ID 00000: found
2026-01-24 17:56:31.694 [pool-2-thread-4] DEBUG c.e.c.r.InMemoryContactRepository - Contact updated with ID: 00001
2026-01-24 17:56:31.694 [pool-2-thread-3] INFO  AUDIT - Contact updated: ID=00003, Name=Updated Last
2026-01-24 17:56:31.695 [pool-2-thread-2] DEBUG c.e.c.service.ContactServiceImpl - Retrieving contact: 00004
2026-01-24 17:56:31.695 [pool-2-thread-6] DEBUG c.e.c.service.ContactServiceImpl - Retrieving contact: 00000
2026-01-24 17:56:31.695 [pool-2-thread-3] DEBUG c.e.c.r.InMemoryContactRepository - Contact updated with ID: 00003
2026-01-24 17:56:31.694 [pool-2-thread-1] DEBUG c.e.c.r.InMemoryContactRepository - Find by ID 00004: found
2026-01-24 17:56:31.695 [pool-2-thread-3] INFO  c.e.c.service.ContactServiceImpl - Contact updated: ID=00003
2026-01-24 17:56:31.695 [pool-2-thread-4] INFO  c.e.c.service.ContactServiceImpl - Contact updated: ID=00001
2026-01-24 17:56:31.695 [pool-2-thread-2] DEBUG c.e.c.r.InMemoryContactRepository - Find by ID 00004: found
2026-01-24 17:56:31.695 [pool-2-thread-6] DEBUG c.e.c.r.InMemoryContactRepository - Find by ID 00000: found
2026-01-24 17:56:31.695 [pool-2-thread-5] DEBUG c.e.c.service.ContactServiceImpl - Attempting to update contact: 00001
2026-01-24 17:56:31.695 [pool-2-thread-3] DEBUG c.e.c.service.ContactServiceImpl - Retrieving contact: 00004
2026-01-24 17:56:31.695 [pool-2-thread-2] DEBUG c.e.c.service.ContactServiceImpl - Attempting to update contact: 00005
2026-01-24 17:56:31.695 [pool-2-thread-3] DEBUG c.e.c.r.InMemoryContactRepository - Find by ID 00004: found
2026-01-24 17:56:31.695 [pool-2-thread-4] DEBUG c.e.c.service.ContactServiceImpl - Retrieving contact: 00002
2026-01-24 17:56:31.695 [pool-2-thread-1] DEBUG c.e.c.service.ContactServiceImpl - Attempting to update contact: 00005
2026-01-24 17:56:31.695 [pool-2-thread-6] DEBUG c.e.c.service.ContactServiceImpl - Attempting to update contact: 00001
2026-01-24 17:56:31.695 [pool-2-thread-2] DEBUG c.e.c.r.InMemoryContactRepository - Find by ID 00005: found
2026-01-24 17:56:31.695 [pool-2-thread-5] DEBUG c.e.c.r.InMemoryContactRepository - Find by ID 00001: found
2026-01-24 17:56:31.695 [pool-2-thread-3] DEBUG c.e.c.service.ContactServiceImpl - Attempting to update contact: 00005
2026-01-24 17:56:31.695 [pool-2-thread-7] DEBUG c.e.c.service.ContactServiceImpl - Retrieving contact: 00000
2026-01-24 17:56:31.695 [pool-2-thread-6] DEBUG c.e.c.r.InMemoryContactRepository - Find by ID 00001: found
2026-01-24 17:56:31.695 [pool-2-thread-3] DEBUG c.e.c.r.InMemoryContactRepository - Find by ID 00005: found
2026-01-24 17:56:31.695 [pool-2-thread-7] DEBUG c.e.c.r.InMemoryContactRepository - Find by ID 00000: found
2026-01-24 17:56:31.695 [pool-2-thread-3] INFO  AUDIT - Contact updated: ID=00005, Name=Updated Last
2026-01-24 17:56:31.695 [pool-2-thread-2] INFO  AUDIT - Contact updated: ID=00005, Name=Updated Last
2026-01-24 17:56:31.695 [pool-2-thread-3] DEBUG c.e.c.r.InMemoryContactRepository - Contact updated with ID: 00005
2026-01-24 17:56:31.695 [pool-2-thread-1] DEBUG c.e.c.r.InMemoryContactRepository - Find by ID 00005: found
2026-01-24 17:56:31.695 [pool-2-thread-6] INFO  AUDIT - Contact updated: ID=00001, Name=Updated Last
2026-01-24 17:56:31.695 [pool-2-thread-4] DEBUG c.e.c.r.InMemoryContactRepository - Find by ID 00002: found
2026-01-24 17:56:31.695 [pool-2-thread-6] DEBUG c.e.c.r.InMemoryContactRepository - Contact updated with ID: 00001
2026-01-24 17:56:31.695 [pool-2-thread-5] INFO  AUDIT - Contact updated: ID=00001, Name=Updated Last
2026-01-24 17:56:31.695 [pool-2-thread-7] DEBUG c.e.c.service.ContactServiceImpl - Attempting to update contact: 00001
2026-01-24 17:56:31.695 [pool-2-thread-5] DEBUG c.e.c.r.InMemoryContactRepository - Contact updated with ID: 00001
2026-01-24 17:56:31.695 [pool-2-thread-3] INFO  c.e.c.service.ContactServiceImpl - Contact updated: ID=00005
2026-01-24 17:56:31.695 [pool-2-thread-1] INFO  AUDIT - Contact updated: ID=00005, Name=Updated Last
2026-01-24 17:56:31.695 [pool-2-thread-6] INFO  c.e.c.service.ContactServiceImpl - Contact updated: ID=00001
2026-01-24 17:56:31.695 [pool-2-thread-1] DEBUG c.e.c.r.InMemoryContactRepository - Contact updated with ID: 00005
2026-01-24 17:56:31.695 [pool-2-thread-8] DEBUG c.e.c.service.ContactServiceImpl - Retrieving contact: 00000
2026-01-24 17:56:31.695 [pool-2-thread-2] DEBUG c.e.c.r.InMemoryContactRepository - Contact updated with ID: 00005
2026-01-24 17:56:31.695 [pool-2-thread-8] DEBUG c.e.c.r.InMemoryContactRepository - Find by ID 00000: found
2026-01-24 17:56:31.695 [pool-2-thread-7] DEBUG c.e.c.r.InMemoryContactRepository - Find by ID 00001: found
2026-01-24 17:56:31.695 [pool-2-thread-2] INFO  c.e.c.service.ContactServiceImpl - Contact updated: ID=00005
2026-01-24 17:56:31.695 [pool-2-thread-4] DEBUG c.e.c.service.ContactServiceImpl - Attempting to update contact: 00003
2026-01-24 17:56:31.695 [pool-2-thread-9] DEBUG c.e.c.service.ContactServiceImpl - Retrieving contact: 00000
2026-01-24 17:56:31.695 [pool-2-thread-7] INFO  AUDIT - Contact updated: ID=00001, Name=Updated Last
2026-01-24 17:56:31.695 [pool-2-thread-5] INFO  c.e.c.service.ContactServiceImpl - Contact updated: ID=00001
2026-01-24 17:56:31.695 [pool-2-thread-4] DEBUG c.e.c.r.InMemoryContactRepository - Find by ID 00003: found
2026-01-24 17:56:31.695 [pool-2-thread-1] INFO  c.e.c.service.ContactServiceImpl - Contact updated: ID=00005
2026-01-24 17:56:31.695 [pool-2-thread-6] DEBUG c.e.c.service.ContactServiceImpl - Retrieving contact: 00002
2026-01-24 17:56:31.695 [pool-2-thread-5] DEBUG c.e.c.service.ContactServiceImpl - Retrieving contact: 00002
2026-01-24 17:56:31.695 [pool-2-thread-4] INFO  AUDIT - Contact updated: ID=00003, Name=Updated Last
2026-01-24 17:56:31.695 [pool-2-thread-3] DEBUG c.e.c.service.ContactServiceImpl - Retrieving contact: 00006
2026-01-24 17:56:31.695 [pool-2-thread-5] DEBUG c.e.c.r.InMemoryContactRepository - Find by ID 00002: found
2026-01-24 17:56:31.695 [pool-2-thread-8] DEBUG c.e.c.service.ContactServiceImpl - Attempting to update contact: 00001
2026-01-24 17:56:31.695 [pool-2-thread-2] DEBUG c.e.c.service.ContactServiceImpl - Retrieving contact: 00006
2026-01-24 17:56:31.695 [pool-2-thread-4] DEBUG c.e.c.r.InMemoryContactRepository - Contact updated with ID: 00003
2026-01-24 17:56:31.695 [pool-2-thread-1] DEBUG c.e.c.service.ContactServiceImpl - Retrieving contact: 00006
2026-01-24 17:56:31.695 [pool-2-thread-6] DEBUG c.e.c.r.InMemoryContactRepository - Find by ID 00002: found
2026-01-24 17:56:31.695 [pool-2-thread-7] DEBUG c.e.c.r.InMemoryContactRepository - Contact updated with ID: 00001
2026-01-24 17:56:31.695 [pool-2-thread-9] DEBUG c.e.c.r.InMemoryContactRepository - Find by ID 00000: found
2026-01-24 17:56:31.695 [pool-2-thread-10] DEBUG c.e.c.service.ContactServiceImpl - Retrieving contact: 00000
2026-01-24 17:56:31.695 [pool-2-thread-4] INFO  c.e.c.service.ContactServiceImpl - Contact updated: ID=00003
2026-01-24 17:56:31.695 [pool-2-thread-5] DEBUG c.e.c.service.ContactServiceImpl - Attempting to update contact: 00003
2026-01-24 17:56:31.695 [pool-2-thread-9] DEBUG c.e.c.service.ContactServiceImpl - Attempting to update contact: 00001
2026-01-24 17:56:31.695 [pool-2-thread-3] DEBUG c.e.c.r.InMemoryContactRepository - Find by ID 00006: found
2026-01-24 17:56:31.695 [pool-2-thread-8] DEBUG c.e.c.r.InMemoryContactRepository - Find by ID 00001: found
2026-01-24 17:56:31.695 [pool-2-thread-7] INFO  c.e.c.service.ContactServiceImpl - Contact updated: ID=00001
2026-01-24 17:56:31.695 [pool-2-thread-10] DEBUG c.e.c.r.InMemoryContactRepository - Find by ID 00000: found
2026-01-24 17:56:31.695 [pool-2-thread-5] DEBUG c.e.c.r.InMemoryContactRepository - Find by ID 00003: found
2026-01-24 17:56:31.695 [pool-2-thread-2] DEBUG c.e.c.r.InMemoryContactRepository - Find by ID 00006: found
2026-01-24 17:56:31.695 [pool-2-thread-1] DEBUG c.e.c.r.InMemoryContactRepository - Find by ID 00006: found
2026-01-24 17:56:31.696 [pool-2-thread-5] INFO  AUDIT - Contact updated: ID=00003, Name=Updated Last
2026-01-24 17:56:31.696 [pool-2-thread-1] DEBUG c.e.c.service.ContactServiceImpl - Attempting to update contact: 00007
2026-01-24 17:56:31.696 [pool-2-thread-2] DEBUG c.e.c.service.ContactServiceImpl - Attempting to update contact: 00007
2026-01-24 17:56:31.696 [pool-2-thread-1] DEBUG c.e.c.r.InMemoryContactRepository - Find by ID 00007: found
2026-01-24 17:56:31.696 [pool-2-thread-4] DEBUG c.e.c.service.ContactServiceImpl - Retrieving contact: 00004
2026-01-24 17:56:31.696 [pool-2-thread-5] DEBUG c.e.c.r.InMemoryContactRepository - Contact updated with ID: 00003
2026-01-24 17:56:31.696 [pool-2-thread-2] DEBUG c.e.c.r.InMemoryContactRepository - Find by ID 00007: found
2026-01-24 17:56:31.696 [pool-2-thread-6] DEBUG c.e.c.service.ContactServiceImpl - Attempting to update contact: 00003
2026-01-24 17:56:31.696 [pool-2-thread-6] DEBUG c.e.c.r.InMemoryContactRepository - Find by ID 00003: found
2026-01-24 17:56:31.696 [pool-2-thread-8] INFO  AUDIT - Contact updated: ID=00001, Name=Updated Last
2026-01-24 17:56:31.696 [pool-2-thread-9] DEBUG c.e.c.r.InMemoryContactRepository - Find by ID 00001: found
2026-01-24 17:56:31.696 [pool-2-thread-1] INFO  AUDIT - Contact updated: ID=00007, Name=Updated Last
2026-01-24 17:56:31.696 [pool-2-thread-8] DEBUG c.e.c.r.InMemoryContactRepository - Contact updated with ID: 00001
2026-01-24 17:56:31.696 [pool-2-thread-9] INFO  AUDIT - Contact updated: ID=00001, Name=Updated Last
2026-01-24 17:56:31.696 [pool-2-thread-7] DEBUG c.e.c.service.ContactServiceImpl - Retrieving contact: 00002
2026-01-24 17:56:31.696 [pool-2-thread-5] INFO  c.e.c.service.ContactServiceImpl - Contact updated: ID=00003
2026-01-24 17:56:31.696 [pool-2-thread-9] DEBUG c.e.c.r.InMemoryContactRepository - Contact updated with ID: 00001
2026-01-24 17:56:31.696 [pool-2-thread-4] DEBUG c.e.c.r.InMemoryContactRepository - Find by ID 00004: found
2026-01-24 17:56:31.696 [pool-2-thread-6] INFO  AUDIT - Contact updated: ID=00003, Name=Updated Last
2026-01-24 17:56:31.696 [pool-2-thread-5] DEBUG c.e.c.service.ContactServiceImpl - Retrieving contact: 00004
2026-01-24 17:56:31.696 [pool-2-thread-4] DEBUG c.e.c.service.ContactServiceImpl - Attempting to update contact: 00005
2026-01-24 17:56:31.696 [pool-2-thread-6] DEBUG c.e.c.r.InMemoryContactRepository - Contact updated with ID: 00003
2026-01-24 17:56:31.696 [pool-2-thread-6] INFO  c.e.c.service.ContactServiceImpl - Contact updated: ID=00003
2026-01-24 17:56:31.696 [pool-2-thread-5] DEBUG c.e.c.r.InMemoryContactRepository - Find by ID 00004: found
2026-01-24 17:56:31.696 [pool-2-thread-3] DEBUG c.e.c.service.ContactServiceImpl - Attempting to update contact: 00007
2026-01-24 17:56:31.696 [pool-2-thread-1] DEBUG c.e.c.r.InMemoryContactRepository - Contact updated with ID: 00007
2026-01-24 17:56:31.696 [pool-2-thread-10] DEBUG c.e.c.service.ContactServiceImpl - Attempting to update contact: 00001
2026-01-24 17:56:31.696 [pool-2-thread-6] DEBUG c.e.c.service.ContactServiceImpl - Retrieving contact: 00004
2026-01-24 17:56:31.696 [pool-2-thread-2] INFO  AUDIT - Contact updated: ID=00007, Name=Updated Last
2026-01-24 17:56:31.696 [pool-2-thread-6] DEBUG c.e.c.r.InMemoryContactRepository - Find by ID 00004: found
2026-01-24 17:56:31.696 [pool-2-thread-7] DEBUG c.e.c.r.InMemoryContactRepository - Find by ID 00002: found
2026-01-24 17:56:31.696 [pool-2-thread-3] DEBUG c.e.c.r.InMemoryContactRepository - Find by ID 00007: found
2026-01-24 17:56:31.696 [pool-2-thread-9] INFO  c.e.c.service.ContactServiceImpl - Contact updated: ID=00001
2026-01-24 17:56:31.696 [pool-2-thread-8] INFO  c.e.c.service.ContactServiceImpl - Contact updated: ID=00001
2026-01-24 17:56:31.696 [pool-2-thread-4] DEBUG c.e.c.r.InMemoryContactRepository - Find by ID 00005: found
2026-01-24 17:56:31.696 [pool-2-thread-5] DEBUG c.e.c.service.ContactServiceImpl - Attempting to update contact: 00005
2026-01-24 17:56:31.696 [pool-2-thread-6] DEBUG c.e.c.service.ContactServiceImpl - Attempting to update contact: 00005
2026-01-24 17:56:31.696 [pool-2-thread-5] DEBUG c.e.c.r.InMemoryContactRepository - Find by ID 00005: found
2026-01-24 17:56:31.696 [pool-2-thread-4] INFO  AUDIT - Contact updated: ID=00005, Name=Updated Last
2026-01-24 17:56:31.696 [pool-2-thread-4] DEBUG c.e.c.r.InMemoryContactRepository - Contact updated with ID: 00005
2026-01-24 17:56:31.696 [pool-2-thread-2] DEBUG c.e.c.r.InMemoryContactRepository - Contact updated with ID: 00007
2026-01-24 17:56:31.696 [pool-2-thread-1] INFO  c.e.c.service.ContactServiceImpl - Contact updated: ID=00007
2026-01-24 17:56:31.696 [pool-2-thread-2] INFO  c.e.c.service.ContactServiceImpl - Contact updated: ID=00007
2026-01-24 17:56:31.696 [pool-2-thread-10] DEBUG c.e.c.r.InMemoryContactRepository - Find by ID 00001: found
2026-01-24 17:56:31.696 [pool-2-thread-5] INFO  AUDIT - Contact updated: ID=00005, Name=Updated Last
2026-01-24 17:56:31.696 [pool-2-thread-4] INFO  c.e.c.service.ContactServiceImpl - Contact updated: ID=00005
2026-01-24 17:56:31.696 [pool-2-thread-9] DEBUG c.e.c.service.ContactServiceImpl - Retrieving contact: 00002
2026-01-24 17:56:31.696 [pool-2-thread-9] DEBUG c.e.c.r.InMemoryContactRepository - Find by ID 00002: found
2026-01-24 17:56:31.696 [pool-2-thread-10] INFO  AUDIT - Contact updated: ID=00001, Name=Updated Last
2026-01-24 17:56:31.696 [pool-2-thread-8] DEBUG c.e.c.service.ContactServiceImpl - Retrieving contact: 00002
2026-01-24 17:56:31.696 [pool-2-thread-7] DEBUG c.e.c.service.ContactServiceImpl - Attempting to update contact: 00003
2026-01-24 17:56:31.696 [pool-2-thread-3] INFO  AUDIT - Contact updated: ID=00007, Name=Updated Last
2026-01-24 17:56:31.696 [pool-2-thread-6] DEBUG c.e.c.r.InMemoryContactRepository - Find by ID 00005: found
2026-01-24 17:56:31.697 [pool-2-thread-3] DEBUG c.e.c.r.InMemoryContactRepository - Contact updated with ID: 00007
2026-01-24 17:56:31.696 [pool-2-thread-1] DEBUG c.e.c.service.ContactServiceImpl - Retrieving contact: 00008
2026-01-24 17:56:31.697 [pool-2-thread-3] INFO  c.e.c.service.ContactServiceImpl - Contact updated: ID=00007
2026-01-24 17:56:31.697 [pool-2-thread-6] INFO  AUDIT - Contact updated: ID=00005, Name=Updated Last
2026-01-24 17:56:31.696 [pool-2-thread-2] DEBUG c.e.c.service.ContactServiceImpl - Retrieving contact: 00008
2026-01-24 17:56:31.697 [pool-2-thread-6] DEBUG c.e.c.r.InMemoryContactRepository - Contact updated with ID: 00005
2026-01-24 17:56:31.696 [pool-2-thread-4] DEBUG c.e.c.service.ContactServiceImpl - Retrieving contact: 00006
2026-01-24 17:56:31.696 [pool-2-thread-5] DEBUG c.e.c.r.InMemoryContactRepository - Contact updated with ID: 00005
2026-01-24 17:56:31.696 [pool-2-thread-9] DEBUG c.e.c.service.ContactServiceImpl - Attempting to update contact: 00003
2026-01-24 17:56:31.697 [pool-2-thread-4] DEBUG c.e.c.r.InMemoryContactRepository - Find by ID 00006: found
2026-01-24 17:56:31.696 [pool-2-thread-10] DEBUG c.e.c.r.InMemoryContactRepository - Contact updated with ID: 00001
2026-01-24 17:56:31.697 [pool-2-thread-6] INFO  c.e.c.service.ContactServiceImpl - Contact updated: ID=00005
2026-01-24 17:56:31.697 [pool-2-thread-8] DEBUG c.e.c.r.InMemoryContactRepository - Find by ID 00002: found
2026-01-24 17:56:31.697 [pool-2-thread-9] DEBUG c.e.c.r.InMemoryContactRepository - Find by ID 00003: found
2026-01-24 17:56:31.697 [pool-2-thread-7] DEBUG c.e.c.r.InMemoryContactRepository - Find by ID 00003: found
2026-01-24 17:56:31.697 [pool-2-thread-4] DEBUG c.e.c.service.ContactServiceImpl - Attempting to update contact: 00007
2026-01-24 17:56:31.697 [pool-2-thread-1] DEBUG c.e.c.r.InMemoryContactRepository - Find by ID 00008: found
2026-01-24 17:56:31.697 [pool-2-thread-3] DEBUG c.e.c.service.ContactServiceImpl - Retrieving contact: 00008
2026-01-24 17:56:31.697 [pool-2-thread-2] DEBUG c.e.c.r.InMemoryContactRepository - Find by ID 00008: found
2026-01-24 17:56:31.697 [pool-2-thread-5] INFO  c.e.c.service.ContactServiceImpl - Contact updated: ID=00005
2026-01-24 17:56:31.697 [pool-2-thread-10] INFO  c.e.c.service.ContactServiceImpl - Contact updated: ID=00001
2026-01-24 17:56:31.697 [pool-2-thread-7] INFO  AUDIT - Contact updated: ID=00003, Name=Updated Last
2026-01-24 17:56:31.697 [pool-2-thread-9] INFO  AUDIT - Contact updated: ID=00003, Name=Updated Last
2026-01-24 17:56:31.697 [pool-2-thread-4] DEBUG c.e.c.r.InMemoryContactRepository - Find by ID 00007: found
2026-01-24 17:56:31.697 [pool-2-thread-10] DEBUG c.e.c.service.ContactServiceImpl - Retrieving contact: 00002
2026-01-24 17:56:31.697 [pool-2-thread-8] DEBUG c.e.c.service.ContactServiceImpl - Attempting to update contact: 00003
2026-01-24 17:56:31.697 [pool-2-thread-10] DEBUG c.e.c.r.InMemoryContactRepository - Find by ID 00002: found
2026-01-24 17:56:31.697 [pool-2-thread-6] DEBUG c.e.c.service.ContactServiceImpl - Retrieving contact: 00006
[...]
2026-01-24 17:56:31.784 [pool-3-thread-4] INFO  AUDIT - Contact created: ID=3-96, Name=First Last
2026-01-24 17:56:31.784 [pool-3-thread-10] DEBUG c.e.c.validation.ContactValidator - Contact validation passed for ID: 9-88
2026-01-24 17:56:31.784 [pool-3-thread-4] DEBUG c.e.c.r.InMemoryContactRepository - New contact saved with ID: 3-96
2026-01-24 17:56:31.784 [pool-3-thread-6] INFO  c.e.c.service.ContactServiceImpl - Contact added successfully: ID=5-97
2026-01-24 17:56:31.784 [pool-3-thread-9] INFO  AUDIT - Contact created: ID=8-98, Name=First Last
2026-01-24 17:56:31.784 [pool-3-thread-9] DEBUG c.e.c.r.InMemoryContactRepository - New contact saved with ID: 8-98
2026-01-24 17:56:31.784 [pool-3-thread-9] INFO  c.e.c.service.ContactServiceImpl - Contact added successfully: ID=8-98
2026-01-24 17:56:31.784 [pool-3-thread-8] DEBUG c.e.c.service.ContactServiceImpl - Attempting to add contact
2026-01-24 17:56:31.784 [pool-3-thread-9] DEBUG c.e.c.service.ContactServiceImpl - Attempting to add contact
2026-01-24 17:56:31.784 [pool-3-thread-8] DEBUG c.e.c.validation.ContactValidator - Contact validation passed for ID: 7-96
2026-01-24 17:56:31.784 [pool-3-thread-9] DEBUG c.e.c.validation.ContactValidator - Contact validation passed for ID: 8-99
2026-01-24 17:56:31.784 [pool-3-thread-5] DEBUG c.e.c.service.ContactServiceImpl - Attempting to add contact
2026-01-24 17:56:31.784 [pool-3-thread-8] INFO  AUDIT - Contact created: ID=7-96, Name=First Last
2026-01-24 17:56:31.784 [pool-3-thread-7] DEBUG c.e.c.service.ContactServiceImpl - Attempting to add contact
2026-01-24 17:56:31.784 [pool-3-thread-5] DEBUG c.e.c.validation.ContactValidator - Contact validation passed for ID: 4-96
2026-01-24 17:56:31.784 [pool-3-thread-8] DEBUG c.e.c.r.InMemoryContactRepository - New contact saved with ID: 7-96
2026-01-24 17:56:31.784 [pool-3-thread-8] INFO  c.e.c.service.ContactServiceImpl - Contact added successfully: ID=7-96
2026-01-24 17:56:31.784 [pool-3-thread-4] INFO  c.e.c.service.ContactServiceImpl - Contact added successfully: ID=3-96
2026-01-24 17:56:31.784 [pool-3-thread-8] DEBUG c.e.c.service.ContactServiceImpl - Attempting to add contact
2026-01-24 17:56:31.784 [pool-3-thread-10] INFO  AUDIT - Contact created: ID=9-88, Name=First Last
2026-01-24 17:56:31.784 [pool-3-thread-4] DEBUG c.e.c.service.ContactServiceImpl - Attempting to add contact
2026-01-24 17:56:31.784 [pool-3-thread-10] DEBUG c.e.c.r.InMemoryContactRepository - New contact saved with ID: 9-88
2026-01-24 17:56:31.784 [pool-3-thread-4] DEBUG c.e.c.validation.ContactValidator - Contact validation passed for ID: 3-97
2026-01-24 17:56:31.784 [pool-3-thread-6] DEBUG c.e.c.service.ContactServiceImpl - Attempting to add contact
2026-01-24 17:56:31.784 [pool-3-thread-4] INFO  AUDIT - Contact created: ID=3-97, Name=First Last
2026-01-24 17:56:31.784 [pool-3-thread-4] DEBUG c.e.c.r.InMemoryContactRepository - New contact saved with ID: 3-97
2026-01-24 17:56:31.784 [pool-3-thread-9] INFO  AUDIT - Contact created: ID=8-99, Name=First Last
2026-01-24 17:56:31.784 [pool-3-thread-9] DEBUG c.e.c.r.InMemoryContactRepository - New contact saved with ID: 8-99
2026-01-24 17:56:31.784 [pool-3-thread-7] DEBUG c.e.c.validation.ContactValidator - Contact validation passed for ID: 6-95
2026-01-24 17:56:31.784 [pool-3-thread-5] INFO  AUDIT - Contact created: ID=4-96, Name=First Last
2026-01-24 17:56:31.784 [pool-3-thread-7] INFO  AUDIT - Contact created: ID=6-95, Name=First Last
2026-01-24 17:56:31.784 [pool-3-thread-5] DEBUG c.e.c.r.InMemoryContactRepository - New contact saved with ID: 4-96
2026-01-24 17:56:31.784 [pool-3-thread-7] DEBUG c.e.c.r.InMemoryContactRepository - New contact saved with ID: 6-95
2026-01-24 17:56:31.784 [pool-3-thread-8] DEBUG c.e.c.validation.ContactValidator - Contact validation passed for ID: 7-97
2026-01-24 17:56:31.784 [pool-3-thread-7] INFO  c.e.c.service.ContactServiceImpl - Contact added successfully: ID=6-95
2026-01-24 17:56:31.785 [pool-3-thread-10] INFO  c.e.c.service.ContactServiceImpl - Contact added successfully: ID=9-88
2026-01-24 17:56:31.785 [pool-3-thread-7] DEBUG c.e.c.service.ContactServiceImpl - Attempting to add contact
2026-01-24 17:56:31.785 [pool-3-thread-7] DEBUG c.e.c.validation.ContactValidator - Contact validation passed for ID: 6-96
2026-01-24 17:56:31.785 [pool-3-thread-6] DEBUG c.e.c.validation.ContactValidator - Contact validation passed for ID: 5-98
2026-01-24 17:56:31.785 [pool-3-thread-4] INFO  c.e.c.service.ContactServiceImpl - Contact added successfully: ID=3-97
2026-01-24 17:56:31.785 [pool-3-thread-9] INFO  c.e.c.service.ContactServiceImpl - Contact added successfully: ID=8-99
2026-01-24 17:56:31.785 [pool-3-thread-4] DEBUG c.e.c.service.ContactServiceImpl - Attempting to add contact
2026-01-24 17:56:31.785 [pool-3-thread-5] INFO  c.e.c.service.ContactServiceImpl - Contact added successfully: ID=4-96
2026-01-24 17:56:31.785 [pool-3-thread-5] DEBUG c.e.c.service.ContactServiceImpl - Attempting to add contact
2026-01-24 17:56:31.785 [pool-3-thread-8] INFO  AUDIT - Contact created: ID=7-97, Name=First Last
2026-01-24 17:56:31.785 [pool-3-thread-8] DEBUG c.e.c.r.InMemoryContactRepository - New contact saved with ID: 7-97
2026-01-24 17:56:31.785 [pool-3-thread-8] INFO  c.e.c.service.ContactServiceImpl - Contact added successfully: ID=7-97
2026-01-24 17:56:31.785 [pool-3-thread-5] DEBUG c.e.c.validation.ContactValidator - Contact validation passed for ID: 4-97
2026-01-24 17:56:31.785 [pool-3-thread-5] INFO  AUDIT - Contact created: ID=4-97, Name=First Last
2026-01-24 17:56:31.785 [pool-3-thread-10] DEBUG c.e.c.service.ContactServiceImpl - Attempting to add contact
2026-01-24 17:56:31.785 [pool-3-thread-5] DEBUG c.e.c.r.InMemoryContactRepository - New contact saved with ID: 4-97
2026-01-24 17:56:31.785 [pool-3-thread-7] INFO  AUDIT - Contact created: ID=6-96, Name=First Last
2026-01-24 17:56:31.785 [pool-3-thread-5] INFO  c.e.c.service.ContactServiceImpl - Contact added successfully: ID=4-97
2026-01-24 17:56:31.785 [pool-3-thread-7] DEBUG c.e.c.r.InMemoryContactRepository - New contact saved with ID: 6-96
2026-01-24 17:56:31.785 [pool-3-thread-6] INFO  AUDIT - Contact created: ID=5-98, Name=First Last
2026-01-24 17:56:31.785 [pool-3-thread-7] INFO  c.e.c.service.ContactServiceImpl - Contact added successfully: ID=6-96
2026-01-24 17:56:31.785 [pool-3-thread-6] DEBUG c.e.c.r.InMemoryContactRepository - New contact saved with ID: 5-98
2026-01-24 17:56:31.785 [pool-3-thread-6] INFO  c.e.c.service.ContactServiceImpl - Contact added successfully: ID=5-98
2026-01-24 17:56:31.785 [pool-3-thread-4] DEBUG c.e.c.validation.ContactValidator - Contact validation passed for ID: 3-98
2026-01-24 17:56:31.785 [pool-3-thread-6] DEBUG c.e.c.service.ContactServiceImpl - Attempting to add contact
2026-01-24 17:56:31.785 [pool-3-thread-10] DEBUG c.e.c.validation.ContactValidator - Contact validation passed for ID: 9-89
2026-01-24 17:56:31.785 [pool-3-thread-8] DEBUG c.e.c.service.ContactServiceImpl - Attempting to add contact
2026-01-24 17:56:31.785 [pool-3-thread-10] INFO  AUDIT - Contact created: ID=9-89, Name=First Last
2026-01-24 17:56:31.785 [pool-3-thread-5] DEBUG c.e.c.service.ContactServiceImpl - Attempting to add contact
2026-01-24 17:56:31.785 [pool-3-thread-10] DEBUG c.e.c.r.InMemoryContactRepository - New contact saved with ID: 9-89
2026-01-24 17:56:31.785 [pool-3-thread-8] DEBUG c.e.c.validation.ContactValidator - Contact validation passed for ID: 7-98
2026-01-24 17:56:31.785 [pool-3-thread-5] DEBUG c.e.c.validation.ContactValidator - Contact validation passed for ID: 4-98
2026-01-24 17:56:31.785 [pool-3-thread-5] INFO  AUDIT - Contact created: ID=4-98, Name=First Last
2026-01-24 17:56:31.785 [pool-3-thread-5] DEBUG c.e.c.r.InMemoryContactRepository - New contact saved with ID: 4-98
2026-01-24 17:56:31.785 [pool-3-thread-10] INFO  c.e.c.service.ContactServiceImpl - Contact added successfully: ID=9-89
2026-01-24 17:56:31.785 [pool-3-thread-7] DEBUG c.e.c.service.ContactServiceImpl - Attempting to add contact
2026-01-24 17:56:31.785 [pool-3-thread-4] INFO  AUDIT - Contact created: ID=3-98, Name=First Last
2026-01-24 17:56:31.785 [pool-3-thread-6] DEBUG c.e.c.validation.ContactValidator - Contact validation passed for ID: 5-99
2026-01-24 17:56:31.785 [pool-3-thread-8] INFO  AUDIT - Contact created: ID=7-98, Name=First Last
2026-01-24 17:56:31.785 [pool-3-thread-4] DEBUG c.e.c.r.InMemoryContactRepository - New contact saved with ID: 3-98
2026-01-24 17:56:31.785 [pool-3-thread-8] DEBUG c.e.c.r.InMemoryContactRepository - New contact saved with ID: 7-98
2026-01-24 17:56:31.785 [pool-3-thread-6] INFO  AUDIT - Contact created: ID=5-99, Name=First Last
2026-01-24 17:56:31.785 [pool-3-thread-4] INFO  c.e.c.service.ContactServiceImpl - Contact added successfully: ID=3-98
2026-01-24 17:56:31.785 [pool-3-thread-6] DEBUG c.e.c.r.InMemoryContactRepository - New contact saved with ID: 5-99
2026-01-24 17:56:31.785 [pool-3-thread-5] INFO  c.e.c.service.ContactServiceImpl - Contact added successfully: ID=4-98
2026-01-24 17:56:31.785 [pool-3-thread-10] DEBUG c.e.c.service.ContactServiceImpl - Attempting to add contact
2026-01-24 17:56:31.785 [pool-3-thread-8] INFO  c.e.c.service.ContactServiceImpl - Contact added successfully: ID=7-98
2026-01-24 17:56:31.785 [pool-3-thread-7] DEBUG c.e.c.validation.ContactValidator - Contact validation passed for ID: 6-97
2026-01-24 17:56:31.785 [pool-3-thread-8] DEBUG c.e.c.service.ContactServiceImpl - Attempting to add contact
2026-01-24 17:56:31.785 [pool-3-thread-4] DEBUG c.e.c.service.ContactServiceImpl - Attempting to add contact
2026-01-24 17:56:31.785 [pool-3-thread-6] INFO  c.e.c.service.ContactServiceImpl - Contact added successfully: ID=5-99
2026-01-24 17:56:31.785 [pool-3-thread-10] DEBUG c.e.c.validation.ContactValidator - Contact validation passed for ID: 9-90
2026-01-24 17:56:31.785 [pool-3-thread-4] DEBUG c.e.c.validation.ContactValidator - Contact validation passed for ID: 3-99
2026-01-24 17:56:31.785 [pool-3-thread-5] DEBUG c.e.c.service.ContactServiceImpl - Attempting to add contact
2026-01-24 17:56:31.785 [pool-3-thread-4] INFO  AUDIT - Contact created: ID=3-99, Name=First Last
2026-01-24 17:56:31.785 [pool-3-thread-8] DEBUG c.e.c.validation.ContactValidator - Contact validation passed for ID: 7-99
2026-01-24 17:56:31.785 [pool-3-thread-7] INFO  AUDIT - Contact created: ID=6-97, Name=First Last
2026-01-24 17:56:31.785 [pool-3-thread-7] DEBUG c.e.c.r.InMemoryContactRepository - New contact saved with ID: 6-97
2026-01-24 17:56:31.785 [pool-3-thread-10] INFO  AUDIT - Contact created: ID=9-90, Name=First Last
2026-01-24 17:56:31.785 [pool-3-thread-7] INFO  c.e.c.service.ContactServiceImpl - Contact added successfully: ID=6-97
2026-01-24 17:56:31.785 [pool-3-thread-10] DEBUG c.e.c.r.InMemoryContactRepository - New contact saved with ID: 9-90
2026-01-24 17:56:31.785 [pool-3-thread-4] DEBUG c.e.c.r.InMemoryContactRepository - New contact saved with ID: 3-99
2026-01-24 17:56:31.785 [pool-3-thread-5] DEBUG c.e.c.validation.ContactValidator - Contact validation passed for ID: 4-99
2026-01-24 17:56:31.785 [pool-3-thread-8] INFO  AUDIT - Contact created: ID=7-99, Name=First Last
2026-01-24 17:56:31.785 [pool-3-thread-4] INFO  c.e.c.service.ContactServiceImpl - Contact added successfully: ID=3-99
2026-01-24 17:56:31.785 [pool-3-thread-8] DEBUG c.e.c.r.InMemoryContactRepository - New contact saved with ID: 7-99
2026-01-24 17:56:31.785 [pool-3-thread-5] INFO  AUDIT - Contact created: ID=4-99, Name=First Last
2026-01-24 17:56:31.785 [pool-3-thread-5] DEBUG c.e.c.r.InMemoryContactRepository - New contact saved with ID: 4-99
2026-01-24 17:56:31.785 [pool-3-thread-10] INFO  c.e.c.service.ContactServiceImpl - Contact added successfully: ID=9-90
2026-01-24 17:56:31.785 [pool-3-thread-5] INFO  c.e.c.service.ContactServiceImpl - Contact added successfully: ID=4-99
2026-01-24 17:56:31.785 [pool-3-thread-10] DEBUG c.e.c.service.ContactServiceImpl - Attempting to add contact
2026-01-24 17:56:31.785 [pool-3-thread-10] DEBUG c.e.c.validation.ContactValidator - Contact validation passed for ID: 9-91
2026-01-24 17:56:31.785 [pool-3-thread-7] DEBUG c.e.c.service.ContactServiceImpl - Attempting to add contact
2026-01-24 17:56:31.785 [pool-3-thread-8] INFO  c.e.c.service.ContactServiceImpl - Contact added successfully: ID=7-99
2026-01-24 17:56:31.785 [pool-3-thread-7] DEBUG c.e.c.validation.ContactValidator - Contact validation passed for ID: 6-98
2026-01-24 17:56:31.785 [pool-3-thread-10] INFO  AUDIT - Contact created: ID=9-91, Name=First Last
2026-01-24 17:56:31.786 [pool-3-thread-7] INFO  AUDIT - Contact created: ID=6-98, Name=First Last
2026-01-24 17:56:31.786 [pool-3-thread-10] DEBUG c.e.c.r.InMemoryContactRepository - New contact saved with ID: 9-91
2026-01-24 17:56:31.786 [pool-3-thread-7] DEBUG c.e.c.r.InMemoryContactRepository - New contact saved with ID: 6-98
2026-01-24 17:56:31.786 [pool-3-thread-10] INFO  c.e.c.service.ContactServiceImpl - Contact added successfully: ID=9-91
2026-01-24 17:56:31.786 [pool-3-thread-7] INFO  c.e.c.service.ContactServiceImpl - Contact added successfully: ID=6-98
2026-01-24 17:56:31.786 [pool-3-thread-10] DEBUG c.e.c.service.ContactServiceImpl - Attempting to add contact
2026-01-24 17:56:31.786 [pool-3-thread-7] DEBUG c.e.c.service.ContactServiceImpl - Attempting to add contact
2026-01-24 17:56:31.786 [pool-3-thread-10] DEBUG c.e.c.validation.ContactValidator - Contact validation passed for ID: 9-92
2026-01-24 17:56:31.786 [pool-3-thread-7] DEBUG c.e.c.validation.ContactValidator - Contact validation passed for ID: 6-99
2026-01-24 17:56:31.786 [pool-3-thread-10] INFO  AUDIT - Contact created: ID=9-92, Name=First Last
2026-01-24 17:56:31.786 [pool-3-thread-10] DEBUG c.e.c.r.InMemoryContactRepository - New contact saved with ID: 9-92
2026-01-24 17:56:31.786 [pool-3-thread-10] INFO  c.e.c.service.ContactServiceImpl - Contact added successfully: ID=9-92
2026-01-24 17:56:31.786 [pool-3-thread-7] INFO  AUDIT - Contact created: ID=6-99, Name=First Last
2026-01-24 17:56:31.786 [pool-3-thread-10] DEBUG c.e.c.service.ContactServiceImpl - Attempting to add contact
2026-01-24 17:56:31.786 [pool-3-thread-10] DEBUG c.e.c.validation.ContactValidator - Contact validation passed for ID: 9-93
2026-01-24 17:56:31.786 [pool-3-thread-7] DEBUG c.e.c.r.InMemoryContactRepository - New contact saved with ID: 6-99
2026-01-24 17:56:31.786 [pool-3-thread-10] INFO  AUDIT - Contact created: ID=9-93, Name=First Last
2026-01-24 17:56:31.786 [pool-3-thread-10] DEBUG c.e.c.r.InMemoryContactRepository - New contact saved with ID: 9-93
2026-01-24 17:56:31.786 [pool-3-thread-7] INFO  c.e.c.service.ContactServiceImpl - Contact added successfully: ID=6-99
2026-01-24 17:56:31.786 [pool-3-thread-10] INFO  c.e.c.service.ContactServiceImpl - Contact added successfully: ID=9-93
2026-01-24 17:56:31.786 [pool-3-thread-10] DEBUG c.e.c.service.ContactServiceImpl - Attempting to add contact
2026-01-24 17:56:31.786 [pool-3-thread-10] DEBUG c.e.c.validation.ContactValidator - Contact validation passed for ID: 9-94
2026-01-24 17:56:31.786 [pool-3-thread-10] INFO  AUDIT - Contact created: ID=9-94, Name=First Last
2026-01-24 17:56:31.786 [pool-3-thread-10] DEBUG c.e.c.r.InMemoryContactRepository - New contact saved with ID: 9-94
2026-01-24 17:56:31.786 [pool-3-thread-10] INFO  c.e.c.service.ContactServiceImpl - Contact added successfully: ID=9-94
2026-01-24 17:56:31.786 [pool-3-thread-10] DEBUG c.e.c.service.ContactServiceImpl - Attempting to add contact
2026-01-24 17:56:31.786 [pool-3-thread-10] DEBUG c.e.c.validation.ContactValidator - Contact validation passed for ID: 9-95
2026-01-24 17:56:31.786 [pool-3-thread-10] INFO  AUDIT - Contact created: ID=9-95, Name=First Last
2026-01-24 17:56:31.786 [pool-3-thread-10] DEBUG c.e.c.r.InMemoryContactRepository - New contact saved with ID: 9-95
2026-01-24 17:56:31.786 [pool-3-thread-10] INFO  c.e.c.service.ContactServiceImpl - Contact added successfully: ID=9-95
2026-01-24 17:56:31.786 [pool-3-thread-10] DEBUG c.e.c.service.ContactServiceImpl - Attempting to add contact
2026-01-24 17:56:31.786 [pool-3-thread-10] DEBUG c.e.c.validation.ContactValidator - Contact validation passed for ID: 9-96
2026-01-24 17:56:31.786 [pool-3-thread-10] INFO  AUDIT - Contact created: ID=9-96, Name=First Last
2026-01-24 17:56:31.786 [pool-3-thread-10] DEBUG c.e.c.r.InMemoryContactRepository - New contact saved with ID: 9-96
2026-01-24 17:56:31.786 [pool-3-thread-10] INFO  c.e.c.service.ContactServiceImpl - Contact added successfully: ID=9-96
2026-01-24 17:56:31.786 [pool-3-thread-10] DEBUG c.e.c.service.ContactServiceImpl - Attempting to add contact
2026-01-24 17:56:31.786 [pool-3-thread-10] DEBUG c.e.c.validation.ContactValidator - Contact validation passed for ID: 9-97
2026-01-24 17:56:31.786 [pool-3-thread-10] INFO  AUDIT - Contact created: ID=9-97, Name=First Last
2026-01-24 17:56:31.786 [pool-3-thread-10] DEBUG c.e.c.r.InMemoryContactRepository - New contact saved with ID: 9-97
2026-01-24 17:56:31.786 [pool-3-thread-10] INFO  c.e.c.service.ContactServiceImpl - Contact added successfully: ID=9-97
2026-01-24 17:56:31.786 [pool-3-thread-10] DEBUG c.e.c.service.ContactServiceImpl - Attempting to add contact
2026-01-24 17:56:31.786 [pool-3-thread-10] DEBUG c.e.c.validation.ContactValidator - Contact validation passed for ID: 9-98
2026-01-24 17:56:31.786 [pool-3-thread-10] INFO  AUDIT - Contact created: ID=9-98, Name=First Last
2026-01-24 17:56:31.786 [pool-3-thread-10] DEBUG c.e.c.r.InMemoryContactRepository - New contact saved with ID: 9-98
2026-01-24 17:56:31.786 [pool-3-thread-10] INFO  c.e.c.service.ContactServiceImpl - Contact added successfully: ID=9-98
2026-01-24 17:56:31.786 [pool-3-thread-10] DEBUG c.e.c.service.ContactServiceImpl - Attempting to add contact
2026-01-24 17:56:31.786 [pool-3-thread-10] DEBUG c.e.c.validation.ContactValidator - Contact validation passed for ID: 9-99
2026-01-24 17:56:31.786 [pool-3-thread-10] INFO  AUDIT - Contact created: ID=9-99, Name=First Last
2026-01-24 17:56:31.786 [pool-3-thread-10] DEBUG c.e.c.r.InMemoryContactRepository - New contact saved with ID: 9-99
2026-01-24 17:56:31.786 [pool-3-thread-10] INFO  c.e.c.service.ContactServiceImpl - Contact added successfully: ID=9-99
2026-01-24 17:56:31.786 [main] DEBUG c.e.c.service.ContactServiceImpl - Retrieving all contacts
2026-01-24 17:56:31.786 [main] DEBUG c.e.c.r.InMemoryContactRepository - Finding all contacts, count: 1000
2026-01-24 17:56:31.787 [main] DEBUG c.e.c.service.ContactServiceImpl - Retrieved 1000 contacts
]]></system-out>
  </testcase>
  <testcase name="testMaxContactsLimit" classname="com.example.contact.SecurityTest" time="0.001">
    <system-out><![CDATA[2026-01-24 17:56:31.788 [main] INFO  c.e.c.service.ContactServiceImpl - ContactServiceImpl initialized
]]></system-out>
  </testcase>
  <testcase name="testUpdateWithBlankId" classname="com.example.contact.SecurityTest" time="0.001">
    <system-out><![CDATA[2026-01-24 17:56:31.788 [main] INFO  c.e.c.service.ContactServiceImpl - ContactServiceImpl initialized
2026-01-24 17:56:31.789 [main] DEBUG c.e.c.service.ContactServiceImpl - Attempting to update contact: 
2026-01-24 17:56:31.789 [main] WARN  AUDIT - Security: Attempted to update contact with null/blank ID
]]></system-out>
  </testcase>
  <testcase name="testRepositoryClear" classname="com.example.contact.SecurityTest" time="0">
    <system-out><![CDATA[2026-01-24 17:56:31.790 [main] INFO  c.e.c.service.ContactServiceImpl - ContactServiceImpl initialized
2026-01-24 17:56:31.790 [main] INFO  AUDIT - Contact created: ID=12345, Name=John Doe
2026-01-24 17:56:31.790 [main] DEBUG c.e.c.r.InMemoryContactRepository - New contact saved with ID: 12345
2026-01-24 17:56:31.790 [main] INFO  AUDIT - Repository cleared: 1 contacts removed
2026-01-24 17:56:31.790 [main] DEBUG c.e.c.r.InMemoryContactRepository - Repository cleared
]]></system-out>
  </testcase>
</testsuite>