<?xml version="1.0" encoding="UTF-8"?>
<testsuite xmlns:xsi="http://www.w3.org/2001/XMLSchema-instance" xsi:noNamespaceSchemaLocation="https://maven.apache.org/surefire/maven-surefire-plugin/xsd/surefire-test-report-3.0.xsd" version="3.0" name="com.example.contact.ContactValidatorTest" time="0.024" tests="20" errors="0" skipped="0" failures="0">
  <properties>
[...]
</properties>
  <testcase name="testValidatePhone_Null" classname="com.example.contact.ContactValidatorTest" time="0.001"/>
  <testcase name="testValidateAddress_Blank" classname="com.example.contact.ContactValidatorTest" time="0"/>
  <testcase name="testValidateAddress_Valid" classname="com.example.contact.ContactValidatorTest" time="0.001"/>
  <testcase name="testValidateContactId_XSSPrevention" classname="com.example.contact.ContactValidatorTest" time="0.001">
    <system-out><![CDATA[2026-01-24 17:56:31.652 [main] WARN  AUDIT - Security: XSS pattern detected in contactId - input rejected
]]></system-out>
  </testcase>
  <testcase name="testValidateContactId_Null" classname="com.example.contact.ContactValidatorTest" time="0"/>
  <testcase name="testValidateAddress_ControlCharacters" classname="com.example.contact.ContactValidatorTest" time="0.002">
    <system-out><![CDATA[2026-01-24 17:56:31.654 [main] WARN  AUDIT - Security: Control characters detected in address - input rejected
2026-01-24 17:56:31.655 [main] WARN  AUDIT - Security: Control characters detected in address - input rejected
]]></system-out>
  </testcase>
  <testcase name="testValidateName_Blank" classname="com.example.contact.ContactValidatorTest" time="0.001"/>
  <testcase name="testValidateName_Valid" classname="com.example.contact.ContactValidatorTest" time="0.001"/>
  <testcase name="testValidateValidContact" classname="com.example.contact.ContactValidatorTest" time="0.001">
    <system-out><![CDATA[2026-01-24 17:56:31.658 [main] DEBUG c.e.c.validation.ContactValidator - Contact validation passed for ID: 12345
]]></system-out>
  </testcase>
  <testcase name="testValidateAddress_Null" classname="com.example.contact.ContactValidatorTest" time="0.001"/>
  <testcase name="testValidateAddress_SQLInjectionPrevention" classname="com.example.contact.ContactValidatorTest" time="0.001">
    <system-out><![CDATA[2026-01-24 17:56:31.660 [main] WARN  AUDIT - Security: SQL injection pattern detected in address - input rejected
2026-01-24 17:56:31.660 [main] WARN  AUDIT - Security: SQL injection pattern detected in address - input rejected
2026-01-24 17:56:31.660 [main] WARN  AUDIT - Security: SQL injection pattern detected in address - input rejected
]]></system-out>
  </testcase>
  <testcase name="testValidateNullContact" classname="com.example.contact.ContactValidatorTest" time="0.001"/>
  <testcase name="testValidatePhone_NonDigits" classname="com.example.contact.ContactValidatorTest" time="0.001">
    <system-out><![CDATA[2026-01-24 17:56:31.661 [main] WARN  AUDIT - Security: Invalid phone number format attempted
2026-01-24 17:56:31.662 [main] WARN  AUDIT - Security: Invalid phone number format attempted
]]></system-out>
  </testcase>
  <testcase name="testValidateContactId_Blank" classname="com.example.contact.ContactValidatorTest" time="0.001"/>
  <testcase name="testValidateContactId_Valid" classname="com.example.contact.ContactValidatorTest" time="0"/>
  <testcase name="testValidateName_InvalidCharacters" classname="com.example.contact.ContactValidatorTest" time="0.002">
    <system-out><![CDATA[2026-01-24 17:56:31.664 [main] WARN  AUDIT - Security: Invalid characters in firstName - value contained non-alphabetic characters
2026-01-24 17:56:31.665 [main] WARN  AUDIT - Security: Invalid characters in firstName - value contained non-alphabetic characters
2026-01-24 17:56:31.665 [main] WARN  AUDIT - Security: XSS pattern detected in firstName - input rejected
]]></system-out>
  </testcase>
  <testcase name="testValidateName_Null" classname="com.example.contact.ContactValidatorTest" time="0"/>
  <testcase name="testValidateAddress_XSSPrevention" classname="com.example.contact.ContactValidatorTest" time="0.002">
    <system-out><![CDATA[2026-01-24 17:56:31.667 [main] WARN  AUDIT - Security: XSS pattern detected in address - input rejected
2026-01-24 17:56:31.668 [main] WARN  AUDIT - Security: XSS pattern detected in address - input rejected
2026-01-24 17:56:31.668 [main] WARN  AUDIT - Security: XSS pattern detected in address - input rejected
2026-01-24 17:56:31.669 [main] WARN  AUDIT - Security: XSS pattern detected in address - input rejected
]]></system-out>
  </testcase>
  <testcase name="testValidatePhone_Blank" classname="com.example.contact.ContactValidatorTest" time="0.001"/>
  <testcase name="testValidatePhone_Valid" classname="com.example.contact.ContactValidatorTest" time="0.001"/>
</testsuite>