<?xml version="1.0" encoding="UTF-8"?>
<testsuite xmlns:xsi="http://www.w3.org/2001/XMLSchema-instance" xsi:noNamespaceSchemaLocation="https://maven.apache.org/surefire/maven-surefire-plugin/xsd/surefire-test-report-3.0.xsd" version="3.0" name="com.example.contact.ContactServiceMockTest" time="0.79" tests="17" errors="0" skipped="0" failures="0">
  <properties>
[...]
</properties>
  <testcase name="testDeleteContact_NotFoundThrowsException" classname="com.example.contact.ContactServiceMockTest" time="0.736">
    <system-out><![CDATA[2026-01-24 17:56:31.550 [main] INFO  c.e.c.service.ContactServiceImpl - ContactServiceImpl initialized
2026-01-24 17:56:31.565 [main] DEBUG c.e.c.service.ContactServiceImpl - Attempting to delete contact: 99999
2026-01-24 17:56:31.568 [main] WARN  AUDIT - Delete attempted for non-existent contact: 99999
]]></system-out>
    <system-err><![CDATA[WARNING: A Java agent has been loaded dynamically (C:\Users\keith\.m2\repository\net\bytebuddy\byte-buddy-agent\1.14.10\byte-buddy-agent-1.14.10.jar)
WARNING: If a serviceability tool is in use, please run with -XX:+EnableDynamicAgentLoading to hide this warning
WARNING: If a serviceability tool is not in use, please run with -Djdk.instrument.traceUsage for more information
WARNING: Dynamic loading of agents will be disallowed by default in a future release
]]></system-err>
  </testcase>
  <testcase name="testGetAllContacts_Success" classname="com.example.contact.ContactServiceMockTest" time="0.002">
    <system-out><![CDATA[2026-01-24 17:56:31.579 [main] INFO  c.e.c.service.ContactServiceImpl - ContactServiceImpl initialized
2026-01-24 17:56:31.581 [main] DEBUG c.e.c.service.ContactServiceImpl - Retrieving all contacts
2026-01-24 17:56:31.581 [main] DEBUG c.e.c.service.ContactServiceImpl - Retrieved 2 contacts
]]></system-out>
  </testcase>
  <testcase name="testAddContact_Success" classname="com.example.contact.ContactServiceMockTest" time="0.004">
    <system-out><![CDATA[2026-01-24 17:56:31.583 [main] INFO  c.e.c.service.ContactServiceImpl - ContactServiceImpl initialized
2026-01-24 17:56:31.583 [main] DEBUG c.e.c.service.ContactServiceImpl - Attempting to add contact
2026-01-24 17:56:31.583 [main] DEBUG c.e.c.validation.ContactValidator - Contact validation passed for ID: 12345
2026-01-24 17:56:31.585 [main] INFO  c.e.c.service.ContactServiceImpl - Contact added successfully: ID=12345
]]></system-out>
  </testcase>
  <testcase name="testGetContact_Success" classname="com.example.contact.ContactServiceMockTest" time="0.002">
    <system-out><![CDATA[2026-01-24 17:56:31.588 [main] INFO  c.e.c.service.ContactServiceImpl - ContactServiceImpl initialized
2026-01-24 17:56:31.588 [main] DEBUG c.e.c.service.ContactServiceImpl - Retrieving contact: 12345
]]></system-out>
  </testcase>
  <testcase name="testUpdateContact_NotFoundThrowsException" classname="com.example.contact.ContactServiceMockTest" time="0.003">
    <system-out><![CDATA[2026-01-24 17:56:31.591 [main] INFO  c.e.c.service.ContactServiceImpl - ContactServiceImpl initialized
2026-01-24 17:56:31.592 [main] DEBUG c.e.c.service.ContactServiceImpl - Attempting to update contact: 99999
2026-01-24 17:56:31.593 [main] WARN  AUDIT - Update attempted for non-existent contact: 99999
]]></system-out>
  </testcase>
  <testcase name="testDeleteContact_NullIdThrowsException" classname="com.example.contact.ContactServiceMockTest" time="0.002">
    <system-out><![CDATA[2026-01-24 17:56:31.594 [main] INFO  c.e.c.service.ContactServiceImpl - ContactServiceImpl initialized
2026-01-24 17:56:31.595 [main] DEBUG c.e.c.service.ContactServiceImpl - Attempting to delete contact: null
2026-01-24 17:56:31.595 [main] WARN  AUDIT - Security: Attempted to delete contact with null/blank ID
]]></system-out>
  </testcase>
  <testcase name="testUpdateContact_NoFieldsProvided" classname="com.example.contact.ContactServiceMockTest" time="0.001">
    <system-out><![CDATA[2026-01-24 17:56:31.596 [main] INFO  c.e.c.service.ContactServiceImpl - ContactServiceImpl initialized
2026-01-24 17:56:31.596 [main] DEBUG c.e.c.service.ContactServiceImpl - Attempting to update contact: 12345
2026-01-24 17:56:31.597 [main] DEBUG c.e.c.service.ContactServiceImpl - No fields to update for contact: 12345
]]></system-out>
  </testcase>
  <testcase name="testGetContact_NotFound" classname="com.example.contact.ContactServiceMockTest" time="0.002">
    <system-out><![CDATA[2026-01-24 17:56:31.598 [main] INFO  c.e.c.service.ContactServiceImpl - ContactServiceImpl initialized
2026-01-24 17:56:31.599 [main] DEBUG c.e.c.service.ContactServiceImpl - Retrieving contact: 99999
]]></system-out>
  </testcase>
  <testcase name="testDeleteContact_Success" classname="com.example.contact.ContactServiceMockTest" time="0.002">
    <system-out><![CDATA[2026-01-24 17:56:31.601 [main] INFO  c.e.c.service.ContactServiceImpl - ContactServiceImpl initialized
2026-01-24 17:56:31.602 [main] DEBUG c.e.c.service.ContactServiceImpl - Attempting to delete contact: 12345
2026-01-24 17:56:31.602 [main] INFO  c.e.c.service.ContactServiceImpl - Contact deleted: ID=12345
]]></system-out>
  </testcase>
  <testcase name="testUpdateContact_NullIdThrowsException" classname="com.example.contact.ContactServiceMockTest" time="0.002">
    <system-out><![CDATA[2026-01-24 17:56:31.604 [main] INFO  c.e.c.service.ContactServiceImpl - ContactServiceImpl initialized
2026-01-24 17:56:31.604 [main] DEBUG c.e.c.service.ContactServiceImpl - Attempting to update contact: null
2026-01-24 17:56:31.604 [main] WARN  AUDIT - Security: Attempted to update contact with null/blank ID
]]></system-out>
  </testcase>
  <testcase name="testAddContact_NullThrowsException" classname="com.example.contact.ContactServiceMockTest" time="0.002">
    <system-out><![CDATA[2026-01-24 17:56:31.606 [main] INFO  c.e.c.service.ContactServiceImpl - ContactServiceImpl initialized
2026-01-24 17:56:31.607 [main] DEBUG c.e.c.service.ContactServiceImpl - Attempting to add contact
2026-01-24 17:56:31.607 [main] WARN  AUDIT - Security: Attempted to add null contact
]]></system-out>
  </testcase>
  <testcase name="testServiceRejectsNullRepository" classname="com.example.contact.ContactServiceMockTest" time="0.001">
    <system-out><![CDATA[2026-01-24 17:56:31.609 [main] INFO  c.e.c.service.ContactServiceImpl - ContactServiceImpl initialized
]]></system-out>
  </testcase>
  <testcase name="testAddContact_DuplicateThrowsException" classname="com.example.contact.ContactServiceMockTest" time="0.003">
    <system-out><![CDATA[2026-01-24 17:56:31.611 [main] INFO  c.e.c.service.ContactServiceImpl - ContactServiceImpl initialized
2026-01-24 17:56:31.612 [main] DEBUG c.e.c.service.ContactServiceImpl - Attempting to add contact
2026-01-24 17:56:31.612 [main] DEBUG c.e.c.validation.ContactValidator - Contact validation passed for ID: 12345
2026-01-24 17:56:31.612 [main] WARN  AUDIT - Duplicate contact ID attempted: 12345
]]></system-out>
  </testcase>
  <testcase name="testDeleteContact_BlankIdThrowsException" classname="com.example.contact.ContactServiceMockTest" time="0.003">
    <system-out><![CDATA[2026-01-24 17:56:31.615 [main] INFO  c.e.c.service.ContactServiceImpl - ContactServiceImpl initialized
2026-01-24 17:56:31.615 [main] DEBUG c.e.c.service.ContactServiceImpl - Attempting to delete contact:    
2026-01-24 17:56:31.615 [main] WARN  AUDIT - Security: Attempted to delete contact with null/blank ID
]]></system-out>
  </testcase>
  <testcase name="testGetAllContacts_EmptyList" classname="com.example.contact.ContactServiceMockTest" time="0.002">
    <system-out><![CDATA[2026-01-24 17:56:31.617 [main] INFO  c.e.c.service.ContactServiceImpl - ContactServiceImpl initialized
2026-01-24 17:56:31.617 [main] DEBUG c.e.c.service.ContactServiceImpl - Retrieving all contacts
2026-01-24 17:56:31.617 [main] DEBUG c.e.c.service.ContactServiceImpl - Retrieved 0 contacts
]]></system-out>
  </testcase>
  <testcase name="testGetContact_NullIdReturnsNull" classname="com.example.contact.ContactServiceMockTest" time="0.001">
    <system-out><![CDATA[2026-01-24 17:56:31.618 [main] INFO  c.e.c.service.ContactServiceImpl - ContactServiceImpl initialized
2026-01-24 17:56:31.619 [main] DEBUG c.e.c.service.ContactServiceImpl - Retrieving contact: null
2026-01-24 17:56:31.619 [main] WARN  c.e.c.service.ContactServiceImpl - Attempted to get contact with null/blank ID
]]></system-out>
  </testcase>
  <testcase name="testUpdateContact_Success" classname="com.example.contact.ContactServiceMockTest" time="0.002">
    <system-out><![CDATA[2026-01-24 17:56:31.620 [main] INFO  c.e.c.service.ContactServiceImpl - ContactServiceImpl initialized
2026-01-24 17:56:31.620 [main] DEBUG c.e.c.service.ContactServiceImpl - Attempting to update contact: 12345
2026-01-24 17:56:31.621 [main] INFO  c.e.c.service.ContactServiceImpl - Contact updated: ID=12345
]]></system-out>
  </testcase>
</testsuite>